Looking for git in: git
Using git 2.7.4 from git
> git rev-parse --show-toplevel
fatal: Not a git repository (or any parent up to mount point /home/lonewolf)
Stopping at filesystem boundary (GIT_DISCOVERY_ACROSS_FILESYSTEM not set).
> git rev-parse --show-toplevel
fatal: Not a git repository (or any parent up to mount point /home/lonewolf)
Stopping at filesystem boundary (GIT_DISCOVERY_ACROSS_FILESYSTEM not set).
> git rev-parse --show-toplevel
fatal: Not a git repository (or any parent up to mount point /home/lonewolf)
Stopping at filesystem boundary (GIT_DISCOVERY_ACROSS_FILESYSTEM not set).
> git rev-parse --show-toplevel
fatal: Not a git repository (or any parent up to mount point /home/lonewolf)
Stopping at filesystem boundary (GIT_DISCOVERY_ACROSS_FILESYSTEM not set).
> git rev-parse --show-toplevel
fatal: Not a git repository (or any parent up to mount point /home/lonewolf)
Stopping at filesystem boundary (GIT_DISCOVERY_ACROSS_FILESYSTEM not set).
> git rev-parse --show-toplevel
fatal: Not a git repository (or any parent up to mount point /home/lonewolf)
Stopping at filesystem boundary (GIT_DISCOVERY_ACROSS_FILESYSTEM not set).
> git rev-parse --show-toplevel
fatal: Not a git repository (or any parent up to mount point /home/lonewolf)
Stopping at filesystem boundary (GIT_DISCOVERY_ACROSS_FILESYSTEM not set).
> git rev-parse --show-toplevel
fatal: Not a git repository (or any parent up to mount point /home/lonewolf)
Stopping at filesystem boundary (GIT_DISCOVERY_ACROSS_FILESYSTEM not set).
> git rev-parse --show-toplevel
fatal: Not a git repository (or any parent up to mount point /home/lonewolf)
Stopping at filesystem boundary (GIT_DISCOVERY_ACROSS_FILESYSTEM not set).
> git rev-parse --show-toplevel
fatal: Not a git repository (or any parent up to mount point /home/lonewolf)
Stopping at filesystem boundary (GIT_DISCOVERY_ACROSS_FILESYSTEM not set).
> git rev-parse --show-toplevel
fatal: Not a git repository (or any parent up to mount point /home/lonewolf)
Stopping at filesystem boundary (GIT_DISCOVERY_ACROSS_FILESYSTEM not set).
> git rev-parse --show-toplevel
fatal: Not a git repository (or any parent up to mount point /home/lonewolf)
Stopping at filesystem boundary (GIT_DISCOVERY_ACROSS_FILESYSTEM not set).
> git rev-parse --show-toplevel
fatal: Not a git repository (or any parent up to mount point /home/lonewolf)
Stopping at filesystem boundary (GIT_DISCOVERY_ACROSS_FILESYSTEM not set).
> git rev-parse --show-toplevel
fatal: Not a git repository (or any parent up to mount point /home/lonewolf)
Stopping at filesystem boundary (GIT_DISCOVERY_ACROSS_FILESYSTEM not set).
> git rev-parse --show-toplevel
fatal: Not a git repository (or any parent up to mount point /home/lonewolf)
Stopping at filesystem boundary (GIT_DISCOVERY_ACROSS_FILESYSTEM not set).
> git rev-parse --show-toplevel
fatal: Not a git repository (or any parent up to mount point /home/lonewolf)
Stopping at filesystem boundary (GIT_DISCOVERY_ACROSS_FILESYSTEM not set).
> git rev-parse --show-toplevel
fatal: Not a git repository (or any parent up to mount point /home/lonewolf)
Stopping at filesystem boundary (GIT_DISCOVERY_ACROSS_FILESYSTEM not set).
> git rev-parse --show-toplevel
fatal: Not a git repository (or any parent up to mount point /home/lonewolf)
Stopping at filesystem boundary (GIT_DISCOVERY_ACROSS_FILESYSTEM not set).
> git rev-parse --show-toplevel
fatal: Not a git repository (or any parent up to mount point /home/lonewolf)
Stopping at filesystem boundary (GIT_DISCOVERY_ACROSS_FILESYSTEM not set).
> git rev-parse --show-toplevel
fatal: Not a git repository (or any parent up to mount point /home/lonewolf)
Stopping at filesystem boundary (GIT_DISCOVERY_ACROSS_FILESYSTEM not set).
> git rev-parse --show-toplevel
fatal: Not a git repository (or any parent up to mount point /home/lonewolf)
Stopping at filesystem boundary (GIT_DISCOVERY_ACROSS_FILESYSTEM not set).
> git rev-parse --show-toplevel
fatal: Not a git repository (or any of the parent directories): .git
> git rev-parse --show-toplevel
fatal: Not a git repository (or any parent up to mount point /home/lonewolf)
Stopping at filesystem boundary (GIT_DISCOVERY_ACROSS_FILESYSTEM not set).
> git rev-parse --show-toplevel
fatal: Not a git repository (or any parent up to mount point /home/lonewolf)
Stopping at filesystem boundary (GIT_DISCOVERY_ACROSS_FILESYSTEM not set).
> git rev-parse --show-toplevel
fatal: Not a git repository (or any parent up to mount point /home/lonewolf)
Stopping at filesystem boundary (GIT_DISCOVERY_ACROSS_FILESYSTEM not set).
> git rev-parse --show-toplevel
fatal: Not a git repository (or any parent up to mount point /home/lonewolf)
Stopping at filesystem boundary (GIT_DISCOVERY_ACROSS_FILESYSTEM not set).
> git rev-parse --show-toplevel
fatal: Not a git repository (or any parent up to mount point /home/lonewolf)
Stopping at filesystem boundary (GIT_DISCOVERY_ACROSS_FILESYSTEM not set).
> git rev-parse --show-toplevel
fatal: Not a git repository (or any parent up to mount point /home/lonewolf)
Stopping at filesystem boundary (GIT_DISCOVERY_ACROSS_FILESYSTEM not set).
> git rev-parse --show-toplevel
fatal: Not a git repository (or any parent up to mount point /home/lonewolf)
Stopping at filesystem boundary (GIT_DISCOVERY_ACROSS_FILESYSTEM not set).
> git rev-parse --show-toplevel
fatal: Not a git repository (or any parent up to mount point /home/lonewolf)
Stopping at filesystem boundary (GIT_DISCOVERY_ACROSS_FILESYSTEM not set).
> git rev-parse --show-toplevel
fatal: Not a git repository (or any parent up to mount point /home/lonewolf)
Stopping at filesystem boundary (GIT_DISCOVERY_ACROSS_FILESYSTEM not set).
> git rev-parse --show-toplevel
fatal: Not a git repository (or any parent up to mount point /home/lonewolf)
Stopping at filesystem boundary (GIT_DISCOVERY_ACROSS_FILESYSTEM not set).
> git rev-parse --show-toplevel
fatal: Not a git repository (or any parent up to mount point /home/lonewolf)
Stopping at filesystem boundary (GIT_DISCOVERY_ACROSS_FILESYSTEM not set).
> git rev-parse --show-toplevel
fatal: Not a git repository (or any parent up to mount point /home/lonewolf)
Stopping at filesystem boundary (GIT_DISCOVERY_ACROSS_FILESYSTEM not set).
> git rev-parse --show-toplevel
fatal: Not a git repository (or any parent up to mount point /home/lonewolf)
Stopping at filesystem boundary (GIT_DISCOVERY_ACROSS_FILESYSTEM not set).
> git rev-parse --show-toplevel
fatal: Not a git repository (or any parent up to mount point /home/lonewolf)
Stopping at filesystem boundary (GIT_DISCOVERY_ACROSS_FILESYSTEM not set).
> git rev-parse --show-toplevel
fatal: Not a git repository (or any parent up to mount point /home/lonewolf)
Stopping at filesystem boundary (GIT_DISCOVERY_ACROSS_FILESYSTEM not set).
> git rev-parse --show-toplevel
fatal: Not a git repository (or any parent up to mount point /home/lonewolf)
Stopping at filesystem boundary (GIT_DISCOVERY_ACROSS_FILESYSTEM not set).
> git rev-parse --show-toplevel
fatal: Not a git repository (or any parent up to mount point /home/lonewolf)
Stopping at filesystem boundary (GIT_DISCOVERY_ACROSS_FILESYSTEM not set).
> git rev-parse --show-toplevel
fatal: Not a git repository (or any parent up to mount point /home/lonewolf)
Stopping at filesystem boundary (GIT_DISCOVERY_ACROSS_FILESYSTEM not set).
> git rev-parse --show-toplevel
fatal: Not a git repository (or any parent up to mount point /home/lonewolf)
Stopping at filesystem boundary (GIT_DISCOVERY_ACROSS_FILESYSTEM not set).
> git rev-parse --show-toplevel
fatal: Not a git repository (or any parent up to mount point /home/lonewolf)
Stopping at filesystem boundary (GIT_DISCOVERY_ACROSS_FILESYSTEM not set).
> git rev-parse --show-toplevel
fatal: Not a git repository (or any parent up to mount point /home/lonewolf)
Stopping at filesystem boundary (GIT_DISCOVERY_ACROSS_FILESYSTEM not set).
> git rev-parse --show-toplevel
fatal: Not a git repository (or any parent up to mount point /home/lonewolf)
Stopping at filesystem boundary (GIT_DISCOVERY_ACROSS_FILESYSTEM not set).
> git rev-parse --show-toplevel
fatal: Not a git repository (or any parent up to mount point /home/lonewolf)
Stopping at filesystem boundary (GIT_DISCOVERY_ACROSS_FILESYSTEM not set).
> git rev-parse --show-toplevel
fatal: Not a git repository (or any parent up to mount point /home/lonewolf)
Stopping at filesystem boundary (GIT_DISCOVERY_ACROSS_FILESYSTEM not set).
> git rev-parse --show-toplevel
fatal: Not a git repository (or any parent up to mount point /home/lonewolf)
Stopping at filesystem boundary (GIT_DISCOVERY_ACROSS_FILESYSTEM not set).
> git rev-parse --show-toplevel
fatal: Not a git repository (or any parent up to mount point /home/lonewolf)
Stopping at filesystem boundary (GIT_DISCOVERY_ACROSS_FILESYSTEM not set).
> git rev-parse --show-toplevel
fatal: Not a git repository (or any parent up to mount point /home/lonewolf)
Stopping at filesystem boundary (GIT_DISCOVERY_ACROSS_FILESYSTEM not set).
> git rev-parse --show-toplevel
fatal: Not a git repository (or any parent up to mount point /home/lonewolf)
Stopping at filesystem boundary (GIT_DISCOVERY_ACROSS_FILESYSTEM not set).
> git rev-parse --show-toplevel
fatal: Not a git repository (or any parent up to mount point /home/lonewolf)
Stopping at filesystem boundary (GIT_DISCOVERY_ACROSS_FILESYSTEM not set).
> git rev-parse --show-toplevel
fatal: Not a git repository (or any parent up to mount point /home/lonewolf)
Stopping at filesystem boundary (GIT_DISCOVERY_ACROSS_FILESYSTEM not set).
> git rev-parse --show-toplevel
fatal: Not a git repository (or any parent up to mount point /home/lonewolf)
Stopping at filesystem boundary (GIT_DISCOVERY_ACROSS_FILESYSTEM not set).
> git rev-parse --show-toplevel
fatal: Not a git repository (or any parent up to mount point /home/lonewolf)
Stopping at filesystem boundary (GIT_DISCOVERY_ACROSS_FILESYSTEM not set).
> git rev-parse --show-toplevel
fatal: Not a git repository (or any parent up to mount point /home/lonewolf)
Stopping at filesystem boundary (GIT_DISCOVERY_ACROSS_FILESYSTEM not set).
> git rev-parse --show-toplevel
fatal: Not a git repository (or any parent up to mount point /home/lonewolf)
Stopping at filesystem boundary (GIT_DISCOVERY_ACROSS_FILESYSTEM not set).
> git rev-parse --show-toplevel
fatal: Not a git repository (or any parent up to mount point /home/lonewolf)
Stopping at filesystem boundary (GIT_DISCOVERY_ACROSS_FILESYSTEM not set).
> git rev-parse --show-toplevel
fatal: Not a git repository (or any parent up to mount point /home/lonewolf)
Stopping at filesystem boundary (GIT_DISCOVERY_ACROSS_FILESYSTEM not set).
> git rev-parse --show-toplevel
fatal: Not a git repository (or any parent up to mount point /home/lonewolf)
Stopping at filesystem boundary (GIT_DISCOVERY_ACROSS_FILESYSTEM not set).
> git rev-parse --show-toplevel
fatal: Not a git repository (or any parent up to mount point /home/lonewolf)
Stopping at filesystem boundary (GIT_DISCOVERY_ACROSS_FILESYSTEM not set).
> git rev-parse --show-toplevel
fatal: Not a git repository (or any parent up to mount point /home/lonewolf)
Stopping at filesystem boundary (GIT_DISCOVERY_ACROSS_FILESYSTEM not set).
> git rev-parse --show-toplevel
fatal: Not a git repository (or any parent up to mount point /home/lonewolf)
Stopping at filesystem boundary (GIT_DISCOVERY_ACROSS_FILESYSTEM not set).
> git rev-parse --show-toplevel
fatal: Not a git repository (or any parent up to mount point /home/lonewolf)
Stopping at filesystem boundary (GIT_DISCOVERY_ACROSS_FILESYSTEM not set).
> git rev-parse --show-toplevel
fatal: Not a git repository (or any parent up to mount point /home/lonewolf)
Stopping at filesystem boundary (GIT_DISCOVERY_ACROSS_FILESYSTEM not set).
> git rev-parse --show-toplevel
fatal: Not a git repository (or any parent up to mount point /home/lonewolf)
Stopping at filesystem boundary (GIT_DISCOVERY_ACROSS_FILESYSTEM not set).
> git rev-parse --show-toplevel
fatal: Not a git repository (or any parent up to mount point /home/lonewolf)
Stopping at filesystem boundary (GIT_DISCOVERY_ACROSS_FILESYSTEM not set).
> git rev-parse --show-toplevel
fatal: Not a git repository (or any parent up to mount point /home/lonewolf)
Stopping at filesystem boundary (GIT_DISCOVERY_ACROSS_FILESYSTEM not set).
> git rev-parse --show-toplevel
fatal: Not a git repository (or any parent up to mount point /home/lonewolf)
Stopping at filesystem boundary (GIT_DISCOVERY_ACROSS_FILESYSTEM not set).
> git rev-parse --show-toplevel
fatal: Not a git repository (or any parent up to mount point /home/lonewolf)
Stopping at filesystem boundary (GIT_DISCOVERY_ACROSS_FILESYSTEM not set).
> git rev-parse --show-toplevel
fatal: Not a git repository (or any parent up to mount point /home/lonewolf)
Stopping at filesystem boundary (GIT_DISCOVERY_ACROSS_FILESYSTEM not set).
> git rev-parse --show-toplevel
fatal: Not a git repository (or any parent up to mount point /home/lonewolf)
Stopping at filesystem boundary (GIT_DISCOVERY_ACROSS_FILESYSTEM not set).
> git rev-parse --show-toplevel
fatal: Not a git repository (or any parent up to mount point /home/lonewolf)
Stopping at filesystem boundary (GIT_DISCOVERY_ACROSS_FILESYSTEM not set).
> git rev-parse --show-toplevel
fatal: Not a git repository (or any parent up to mount point /home/lonewolf)
Stopping at filesystem boundary (GIT_DISCOVERY_ACROSS_FILESYSTEM not set).
> git rev-parse --show-toplevel
fatal: Not a git repository (or any parent up to mount point /home/lonewolf)
Stopping at filesystem boundary (GIT_DISCOVERY_ACROSS_FILESYSTEM not set).
> git rev-parse --show-toplevel
fatal: Not a git repository (or any parent up to mount point /home/lonewolf)
Stopping at filesystem boundary (GIT_DISCOVERY_ACROSS_FILESYSTEM not set).
> git rev-parse --show-toplevel
fatal: Not a git repository (or any parent up to mount point /home/lonewolf)
Stopping at filesystem boundary (GIT_DISCOVERY_ACROSS_FILESYSTEM not set).
> git rev-parse --show-toplevel
fatal: Not a git repository (or any parent up to mount point /home/lonewolf)
Stopping at filesystem boundary (GIT_DISCOVERY_ACROSS_FILESYSTEM not set).
> git rev-parse --show-toplevel
fatal: Not a git repository (or any parent up to mount point /home/lonewolf)
Stopping at filesystem boundary (GIT_DISCOVERY_ACROSS_FILESYSTEM not set).
> git rev-parse --show-toplevel
fatal: Not a git repository (or any parent up to mount point /home/lonewolf)
Stopping at filesystem boundary (GIT_DISCOVERY_ACROSS_FILESYSTEM not set).
> git rev-parse --show-toplevel
fatal: Not a git repository (or any parent up to mount point /home/lonewolf)
Stopping at filesystem boundary (GIT_DISCOVERY_ACROSS_FILESYSTEM not set).
> git rev-parse --show-toplevel
fatal: Not a git repository (or any parent up to mount point /home/lonewolf)
Stopping at filesystem boundary (GIT_DISCOVERY_ACROSS_FILESYSTEM not set).
> git rev-parse --show-toplevel
fatal: Not a git repository (or any parent up to mount point /home/lonewolf)
Stopping at filesystem boundary (GIT_DISCOVERY_ACROSS_FILESYSTEM not set).
> git rev-parse --show-toplevel
fatal: Not a git repository (or any parent up to mount point /home/lonewolf)
Stopping at filesystem boundary (GIT_DISCOVERY_ACROSS_FILESYSTEM not set).
> git rev-parse --show-toplevel
fatal: Not a git repository (or any parent up to mount point /home/lonewolf)
Stopping at filesystem boundary (GIT_DISCOVERY_ACROSS_FILESYSTEM not set).
> git rev-parse --show-toplevel
> git config --get commit.template
Open repository: /home/lonewolf/Desktop/complex
> git status -z -u
> git symbolic-ref --short HEAD
> git rev-parse master
fatal: ambiguous argument 'master': unknown revision or path not in the working tree.
Use '--' to separate paths from revisions, like this:
'git <command> [<revision>...] -- [<file>...]'
> git for-each-ref --format %(refname) %(objectname) --sort -committerdate
> git remote --verbose
> git show :client/Dockerfile
> git ls-files --stage -- client/
> git check-ignore -z --stdin
> git show :client/Dockerfile
> git status -z -u
> git symbolic-ref --short HEAD
> git rev-parse master
> git rev-parse --symbolic-full-name master@{u}
fatal: no upstream configured for branch 'master'
> git for-each-ref --format %(refname) %(objectname) --sort -committerdate
> git remote --verbose
> git show :client/Dockerfile
> git status -z -u
> git symbolic-ref --short HEAD
> git rev-parse master
> git rev-parse --symbolic-full-name master@{u}
fatal: no upstream configured for branch 'master'
> git for-each-ref --format %(refname) %(objectname) --sort -committerdate
> git remote --verbose
> git status -z -u
> git symbolic-ref --short HEAD
> git rev-parse master
> git rev-parse --symbolic-full-name master@{u}
fatal: no upstream configured for branch 'master'
> git for-each-ref --format %(refname) %(objectname) --sort -committerdate
> git remote --verbose
> git check-ignore -z --stdin
> git show :.travis.yml
> git check-ignore -z --stdin
> git status -z -u
> git symbolic-ref --short HEAD
> git rev-parse master
> git rev-parse --symbolic-full-name master@{u}
fatal: no upstream configured for branch 'master'
> git for-each-ref --format %(refname) %(objectname) --sort -committerdate
> git remote --verbose
> git status -z -u
> git symbolic-ref --short HEAD
> git rev-parse master
> git rev-parse --symbolic-full-name master@{u}
fatal: no upstream configured for branch 'master'
> git for-each-ref --format %(refname) %(objectname) --sort -committerdate
> git remote --verbose
> git status -z -u
> git symbolic-ref --short HEAD
> git rev-parse master
> git rev-parse --symbolic-full-name master@{u}
fatal: no upstream configured for branch 'master'
> git for-each-ref --format %(refname) %(objectname) --sort -committerdate
> git remote --verbose
> git status -z -u
> git symbolic-ref --short HEAD
> git rev-parse master
> git rev-parse --symbolic-full-name master@{u}
fatal: no upstream configured for branch 'master'
> git for-each-ref --format %(refname) %(objectname) --sort -committerdate
> git remote --verbose
> git status -z -u
> git symbolic-ref --short HEAD
> git rev-parse master
> git rev-parse --symbolic-full-name master@{u}
fatal: no upstream configured for branch 'master'
> git for-each-ref --format %(refname) %(objectname) --sort -committerdate
> git remote --verbose
> git status -z -u
> git symbolic-ref --short HEAD
> git rev-parse master
> git rev-parse --symbolic-full-name master@{u}
fatal: no upstream configured for branch 'master'
> git for-each-ref --format %(refname) %(objectname) --sort -committerdate
> git remote --verbose
> git show :.travis.yml
> git status -z -u
> git symbolic-ref --short HEAD
> git rev-parse master
> git rev-parse --symbolic-full-name master@{u}
fatal: no upstream configured for branch 'master'
> git for-each-ref --format %(refname) %(objectname) --sort -committerdate
> git remote --verbose
> git status -z -u
> git symbolic-ref --short HEAD
> git rev-parse master
> git rev-parse --symbolic-full-name master@{u}
fatal: no upstream configured for branch 'master'
> git for-each-ref --format %(refname) %(objectname) --sort -committerdate
> git remote --verbose
> git status -z -u
> git symbolic-ref --short HEAD
> git rev-parse master
> git rev-parse --symbolic-full-name master@{u}
fatal: no upstream configured for branch 'master'
> git for-each-ref --format %(refname) %(objectname) --sort -committerdate
> git remote --verbose
> git show :.travis.yml
> git status -z -u
> git symbolic-ref --short HEAD
> git rev-parse master
> git rev-parse --symbolic-full-name master@{u}
fatal: no upstream configured for branch 'master'
> git for-each-ref --format %(refname) %(objectname) --sort -committerdate
> git remote --verbose
> git status -z -u
> git symbolic-ref --short HEAD
> git rev-parse master
> git rev-parse --symbolic-full-name master@{u}
fatal: no upstream configured for branch 'master'
> git for-each-ref --format %(refname) %(objectname) --sort -committerdate
> git remote --verbose
> git show :.travis.yml
> git status -z -u
> git symbolic-ref --short HEAD
> git rev-parse master
> git rev-parse --symbolic-full-name master@{u}
fatal: no upstream configured for branch 'master'
> git for-each-ref --format %(refname) %(objectname) --sort -committerdate
> git remote --verbose
> git status -z -u
> git symbolic-ref --short HEAD
> git rev-parse master
> git rev-parse --symbolic-full-name master@{u}
fatal: no upstream configured for branch 'master'
> git for-each-ref --format %(refname) %(objectname) --sort -committerdate
> git remote --verbose
