[2019-02-01 13:26:24.635] [sharedprocess] [info] main {"machineId":"9f66aa2debb83e895c1f00b9f1724ca9d9747ce33d973029d249c3a4e8abd8ae"}
[2019-02-01 13:26:24.727] [sharedprocess] [info] Scanned user extensions: 2
[2019-02-01 13:26:24.831] [sharedprocess] [info] Scanned system extensions: 71
[2019-02-01 13:26:25.113] [sharedprocess] [info] Scanned user extensions: 2
[2019-02-01 13:26:25.129] [sharedprocess] [info] Scanned user extensions: 2
[2019-02-01 13:26:25.232] [sharedprocess] [info] Scanned system extensions: 71
[2019-02-01 13:26:25.239] [sharedprocess] [info] Scanned system extensions: 71
[2019-02-01 13:26:25.693] [sharedprocess] [info] Scanned user extensions: 2
[2019-02-01 13:26:28.008] [sharedprocess] [info] Installing extension: vscode-docker
[2019-02-01 13:26:28.012] [sharedprocess] [info] Scanned user extensions: 2
[2019-02-01 13:26:32.779] [sharedprocess] [info] Downloaded extension: vscode-docker /tmp/111552d5-f11e-45ab-a17f-72f92a15dd41
[2019-02-01 13:26:34.281] [sharedprocess] [info] Extracted extension to /root/.vscode/extensions/.peterjausovec.vscode-docker-0.5.2: peterjausovec.vscode-docker-0.5.2
[2019-02-01 13:26:34.281] [sharedprocess] [info] Renamed to /root/.vscode/extensions/peterjausovec.vscode-docker-0.5.2
[2019-02-01 13:26:34.283] [sharedprocess] [info] Installation completed. peterjausovec.vscode-docker-0.5.2
[2019-02-01 13:26:34.737] [sharedprocess] [info] Scanned user extensions: 2
[2019-02-01 13:26:34.788] [sharedprocess] [info] Scanned system extensions: 71
[2019-02-01 13:26:34.789] [sharedprocess] [info] Extensions installed successfully: peterjausovec.vscode-docker
[2019-02-01 13:26:54.818] [sharedprocess] [info] Scanned user extensions: 2
[2019-02-01 13:26:54.825] [sharedprocess] [info] Scanned user extensions: 2
[2019-02-01 13:26:54.973] [sharedprocess] [info] Scanned system extensions: 71
[2019-02-01 13:26:54.985] [sharedprocess] [info] Scanned system extensions: 71
[2019-02-01 13:26:55.501] [sharedprocess] [info] Scanned user extensions: 2
[2019-02-01 13:27:04.647] [sharedprocess] [info] Starting to clean up unused language packs.
[2019-02-01 13:27:11.073] [sharedprocess] [info] Scanned user extensions: 2
[2019-02-01 13:27:11.074] [sharedprocess] [info] Scanned user extensions: 2
[2019-02-01 13:27:11.314] [sharedprocess] [info] Scanned system extensions: 71
[2019-02-01 13:27:11.319] [sharedprocess] [info] Scanned system extensions: 71
[2019-02-01 13:27:11.680] [sharedprocess] [info] Scanned user extensions: 2
[2019-02-01 13:32:11.696] [sharedprocess] [info] Scanned user extensions: 2
[2019-02-01 13:37:11.715] [sharedprocess] [info] Scanned user extensions: 2
[2019-02-01 13:42:11.728] [sharedprocess] [info] Scanned user extensions: 2
[2019-02-01 13:47:11.745] [sharedprocess] [info] Scanned user extensions: 2
[2019-02-01 13:52:11.763] [sharedprocess] [info] Scanned user extensions: 2
[2019-02-01 13:57:11.806] [sharedprocess] [info] Scanned user extensions: 2
[2019-02-01 14:02:11.821] [sharedprocess] [info] Scanned user extensions: 2
[2019-02-01 14:07:11.836] [sharedprocess] [info] Scanned user extensions: 2
[2019-02-01 14:12:11.852] [sharedprocess] [info] Scanned user extensions: 2
[2019-02-01 14:17:11.868] [sharedprocess] [info] Scanned user extensions: 2
[2019-02-01 14:22:11.883] [sharedprocess] [info] Scanned user extensions: 2
[2019-02-01 14:27:12.102] [sharedprocess] [info] Scanned user extensions: 2
[2019-02-01 14:32:12.117] [sharedprocess] [info] Scanned user extensions: 2
[2019-02-01 14:37:12.128] [sharedprocess] [info] Scanned user extensions: 2
[2019-02-01 14:42:12.149] [sharedprocess] [info] Scanned user extensions: 2
[2019-02-01 14:47:12.164] [sharedprocess] [info] Scanned user extensions: 2
[2019-02-01 14:52:12.183] [sharedprocess] [info] Scanned user extensions: 2
[2019-02-01 14:57:12.214] [sharedprocess] [info] Scanned user extensions: 2
[2019-02-01 14:57:23.207] [sharedprocess] [info] Scanned user extensions: 2
[2019-02-01 14:57:23.262] [sharedprocess] [info] Scanned system extensions: 71
[2019-02-01 15:02:12.379] [sharedprocess] [info] Scanned user extensions: 2
[2019-02-01 15:07:12.402] [sharedprocess] [info] Scanned user extensions: 2
[2019-02-01 15:12:12.437] [sharedprocess] [info] Scanned user extensions: 2
[2019-02-01 15:17:12.475] [sharedprocess] [info] Scanned user extensions: 2
[2019-02-01 15:22:12.514] [sharedprocess] [info] Scanned user extensions: 2
[2019-02-01 15:27:12.920] [sharedprocess] [info] Scanned user extensions: 2
[2019-02-01 15:32:12.992] [sharedprocess] [info] Scanned user extensions: 2
[2019-02-01 15:37:13.039] [sharedprocess] [info] Scanned user extensions: 2
[2019-02-01 15:42:13.082] [sharedprocess] [info] Scanned user extensions: 2
[2019-02-01 15:47:13.580] [sharedprocess] [info] Scanned user extensions: 2
[2019-02-01 15:52:13.619] [sharedprocess] [info] Scanned user extensions: 2
[2019-02-01 15:57:13.647] [sharedprocess] [info] Scanned user extensions: 2
[2019-02-01 16:02:13.682] [sharedprocess] [info] Scanned user extensions: 2
[2019-02-01 16:07:13.721] [sharedprocess] [info] Scanned user extensions: 2
[2019-02-01 16:12:13.766] [sharedprocess] [info] Scanned user extensions: 2
[2019-02-01 16:17:13.819] [sharedprocess] [info] Scanned user extensions: 2
[2019-02-01 16:22:13.880] [sharedprocess] [info] Scanned user extensions: 2
[2019-02-01 16:27:14.158] [sharedprocess] [info] Scanned user extensions: 2
[2019-02-01 16:32:14.183] [sharedprocess] [info] Scanned user extensions: 2
[2019-02-01 16:37:14.203] [sharedprocess] [info] Scanned user extensions: 2
[2019-02-01 16:42:14.237] [sharedprocess] [info] Scanned user extensions: 2
[2019-02-01 16:47:14.278] [sharedprocess] [info] Scanned user extensions: 2
[2019-02-01 16:52:14.316] [sharedprocess] [info] Scanned user extensions: 2
[2019-02-01 16:57:14.358] [sharedprocess] [info] Scanned user extensions: 2
[2019-02-01 17:02:14.396] [sharedprocess] [info] Scanned user extensions: 2
[2019-02-01 17:07:14.415] [sharedprocess] [info] Scanned user extensions: 2
[2019-02-01 17:12:14.430] [sharedprocess] [info] Scanned user extensions: 2
[2019-02-01 17:17:14.445] [sharedprocess] [info] Scanned user extensions: 2
[2019-02-01 17:22:14.467] [sharedprocess] [info] Scanned user extensions: 2
[2019-02-01 17:27:14.726] [sharedprocess] [info] Scanned user extensions: 2
[2019-02-01 17:32:14.741] [sharedprocess] [info] Scanned user extensions: 2
[2019-02-01 17:37:14.758] [sharedprocess] [info] Scanned user extensions: 2
[2019-02-01 17:42:14.777] [sharedprocess] [info] Scanned user extensions: 2
[2019-02-01 17:47:14.876] [sharedprocess] [info] Scanned user extensions: 2
[2019-02-01 17:52:14.902] [sharedprocess] [info] Scanned user extensions: 2
[2019-02-01 17:57:14.921] [sharedprocess] [info] Scanned user extensions: 2
[2019-02-01 18:02:14.938] [sharedprocess] [info] Scanned user extensions: 2
[2019-02-01 18:07:14.951] [sharedprocess] [info] Scanned user extensions: 2
[2019-02-01 18:12:14.974] [sharedprocess] [info] Scanned user extensions: 2
[2019-02-01 18:17:14.991] [sharedprocess] [info] Scanned user extensions: 2
[2019-02-01 18:22:15.003] [sharedprocess] [info] Scanned user extensions: 2
[2019-02-01 18:27:35.036] [sharedprocess] [info] Scanned user extensions: 2
[2019-02-01 18:32:35.271] [sharedprocess] [info] Scanned user extensions: 2
[2019-02-01 18:37:35.300] [sharedprocess] [info] Scanned user extensions: 2
[2019-02-01 18:42:35.322] [sharedprocess] [info] Scanned user extensions: 2
[2019-02-01 18:47:35.370] [sharedprocess] [info] Scanned user extensions: 2
[2019-02-01 18:52:35.424] [sharedprocess] [info] Scanned user extensions: 2
[2019-02-01 18:57:35.477] [sharedprocess] [info] Scanned user extensions: 2
[2019-02-01 19:02:35.519] [sharedprocess] [info] Scanned user extensions: 2
[2019-02-01 19:07:35.563] [sharedprocess] [info] Scanned user extensions: 2
[2019-02-01 19:12:35.607] [sharedprocess] [info] Scanned user extensions: 2
[2019-02-01 19:17:35.633] [sharedprocess] [info] Scanned user extensions: 2
[2019-02-01 19:22:35.650] [sharedprocess] [info] Scanned user extensions: 2
[2019-02-01 19:27:35.670] [sharedprocess] [info] Scanned user extensions: 2
[2019-02-01 19:32:35.954] [sharedprocess] [info] Scanned user extensions: 2
[2019-02-01 19:37:35.972] [sharedprocess] [info] Scanned user extensions: 2
[2019-02-01 19:42:35.992] [sharedprocess] [info] Scanned user extensions: 2
[2019-02-01 19:47:36.006] [sharedprocess] [info] Scanned user extensions: 2
[2019-02-01 19:52:36.017] [sharedprocess] [info] Scanned user extensions: 2
[2019-02-01 19:57:36.032] [sharedprocess] [info] Scanned user extensions: 2
[2019-02-01 20:02:36.045] [sharedprocess] [info] Scanned user extensions: 2
[2019-02-01 20:07:36.058] [sharedprocess] [info] Scanned user extensions: 2
[2019-02-01 20:12:36.072] [sharedprocess] [info] Scanned user extensions: 2
[2019-02-01 20:17:36.087] [sharedprocess] [info] Scanned user extensions: 2
[2019-02-01 20:22:36.101] [sharedprocess] [info] Scanned user extensions: 2
[2019-02-01 20:27:36.120] [sharedprocess] [info] Scanned user extensions: 2
[2019-02-01 20:32:36.588] [sharedprocess] [info] Scanned user extensions: 2
[2019-02-01 20:37:36.664] [sharedprocess] [info] Scanned user extensions: 2
[2019-02-01 20:42:36.676] [sharedprocess] [info] Scanned user extensions: 2
[2019-02-01 20:47:36.698] [sharedprocess] [info] Scanned user extensions: 2
[2019-02-01 20:52:36.711] [sharedprocess] [info] Scanned user extensions: 2
[2019-02-01 20:57:36.726] [sharedprocess] [info] Scanned user extensions: 2
[2019-02-01 21:02:36.739] [sharedprocess] [info] Scanned user extensions: 2
[2019-02-01 21:07:36.754] [sharedprocess] [info] Scanned user extensions: 2
[2019-02-01 21:12:36.768] [sharedprocess] [info] Scanned user extensions: 2
[2019-02-01 21:17:36.781] [sharedprocess] [info] Scanned user extensions: 2
[2019-02-01 21:22:36.798] [sharedprocess] [info] Scanned user extensions: 2
[2019-02-01 21:27:37.096] [sharedprocess] [info] Scanned user extensions: 2
[2019-02-01 21:32:37.845] [sharedprocess] [info] Scanned user extensions: 2
[2019-02-01 21:37:37.861] [sharedprocess] [info] Scanned user extensions: 2
[2019-02-01 21:42:37.885] [sharedprocess] [info] Scanned user extensions: 2
[2019-02-01 21:47:37.897] [sharedprocess] [info] Scanned user extensions: 2
[2019-02-01 21:52:38.028] [sharedprocess] [info] Scanned user extensions: 2
[2019-02-01 21:57:38.043] [sharedprocess] [info] Scanned user extensions: 2
[2019-02-01 22:02:38.057] [sharedprocess] [info] Scanned user extensions: 2
[2019-02-01 22:07:38.072] [sharedprocess] [info] Scanned user extensions: 2
[2019-02-01 22:12:38.086] [sharedprocess] [info] Scanned user extensions: 2
[2019-02-01 22:17:38.102] [sharedprocess] [info] Scanned user extensions: 2
[2019-02-01 22:22:38.118] [sharedprocess] [info] Scanned user extensions: 2
[2019-02-01 22:27:38.129] [sharedprocess] [info] Scanned user extensions: 2
[2019-02-01 22:32:38.578] [sharedprocess] [info] Scanned user extensions: 2
[2019-02-01 22:37:38.592] [sharedprocess] [info] Scanned user extensions: 2
[2019-02-01 22:42:38.609] [sharedprocess] [info] Scanned user extensions: 2
[2019-02-01 22:47:38.622] [sharedprocess] [info] Scanned user extensions: 2
[2019-02-01 22:52:38.639] [sharedprocess] [info] Scanned user extensions: 2
[2019-02-01 22:57:38.963] [sharedprocess] [info] Scanned user extensions: 2
[2019-02-01 23:02:38.981] [sharedprocess] [info] Scanned user extensions: 2
[2019-02-01 23:07:38.996] [sharedprocess] [info] Scanned user extensions: 2
[2019-02-01 23:12:39.009] [sharedprocess] [info] Scanned user extensions: 2
[2019-02-01 23:17:39.026] [sharedprocess] [info] Scanned user extensions: 2
[2019-02-01 23:22:39.040] [sharedprocess] [info] Scanned user extensions: 2
[2019-02-01 23:27:39.057] [sharedprocess] [info] Scanned user extensions: 2
[2019-02-01 23:32:39.397] [sharedprocess] [info] Scanned user extensions: 2
[2019-02-01 23:37:39.416] [sharedprocess] [info] Scanned user extensions: 2
[2019-02-01 23:42:39.430] [sharedprocess] [info] Scanned user extensions: 2
[2019-02-01 23:47:39.445] [sharedprocess] [info] Scanned user extensions: 2
[2019-02-01 23:52:39.460] [sharedprocess] [info] Scanned user extensions: 2
[2019-02-01 23:57:39.474] [sharedprocess] [info] Scanned user extensions: 2
[2019-02-02 00:02:39.491] [sharedprocess] [info] Scanned user extensions: 2
[2019-02-02 00:07:39.504] [sharedprocess] [info] Scanned user extensions: 2
[2019-02-02 00:12:39.516] [sharedprocess] [info] Scanned user extensions: 2
[2019-02-02 00:17:39.530] [sharedprocess] [info] Scanned user extensions: 2
[2019-02-02 00:22:39.545] [sharedprocess] [info] Scanned user extensions: 2
[2019-02-02 00:27:39.557] [sharedprocess] [info] Scanned user extensions: 2
[2019-02-02 00:32:39.823] [sharedprocess] [info] Scanned user extensions: 2
[2019-02-02 00:37:39.839] [sharedprocess] [info] Scanned user extensions: 2
[2019-02-02 00:42:39.858] [sharedprocess] [info] Scanned user extensions: 2
[2019-02-02 00:47:39.870] [sharedprocess] [info] Scanned user extensions: 2
[2019-02-02 00:52:39.884] [sharedprocess] [info] Scanned user extensions: 2
[2019-02-02 00:57:40.084] [sharedprocess] [info] Scanned user extensions: 2
[2019-02-02 01:02:40.098] [sharedprocess] [info] Scanned user extensions: 2
[2019-02-02 01:07:40.114] [sharedprocess] [info] Scanned user extensions: 2
[2019-02-02 01:12:40.132] [sharedprocess] [info] Scanned user extensions: 2
[2019-02-02 01:17:40.147] [sharedprocess] [info] Scanned user extensions: 2
[2019-02-02 01:22:40.161] [sharedprocess] [info] Scanned user extensions: 2
[2019-02-02 01:27:40.176] [sharedprocess] [info] Scanned user extensions: 2
[2019-02-02 01:32:40.720] [sharedprocess] [info] Scanned user extensions: 2
[2019-02-02 01:37:40.735] [sharedprocess] [info] Scanned user extensions: 2
[2019-02-02 01:42:40.748] [sharedprocess] [info] Scanned user extensions: 2
[2019-02-02 01:47:40.761] [sharedprocess] [info] Scanned user extensions: 2
[2019-02-02 01:52:40.785] [sharedprocess] [info] Scanned user extensions: 2
[2019-02-02 01:57:40.798] [sharedprocess] [info] Scanned user extensions: 2
[2019-02-02 02:02:40.812] [sharedprocess] [info] Scanned user extensions: 2
[2019-02-02 02:07:40.824] [sharedprocess] [info] Scanned user extensions: 2
[2019-02-02 02:12:41.078] [sharedprocess] [info] Scanned user extensions: 2
[2019-02-02 02:17:41.093] [sharedprocess] [info] Scanned user extensions: 2
[2019-02-02 02:22:41.108] [sharedprocess] [info] Scanned user extensions: 2
[2019-02-02 02:27:41.135] [sharedprocess] [info] Scanned user extensions: 2
[2019-02-02 02:32:46.401] [sharedprocess] [info] Scanned user extensions: 2
[2019-02-02 02:37:46.413] [sharedprocess] [info] Scanned user extensions: 2
[2019-02-02 02:42:46.430] [sharedprocess] [info] Scanned user extensions: 2
[2019-02-02 02:47:46.443] [sharedprocess] [info] Scanned user extensions: 2
[2019-02-02 02:52:46.461] [sharedprocess] [info] Scanned user extensions: 2
[2019-02-02 02:57:46.473] [sharedprocess] [info] Scanned user extensions: 2
[2019-02-02 03:02:46.487] [sharedprocess] [info] Scanned user extensions: 2
[2019-02-02 03:07:46.499] [sharedprocess] [info] Scanned user extensions: 2
[2019-02-02 03:12:46.513] [sharedprocess] [info] Scanned user extensions: 2
[2019-02-02 03:17:46.526] [sharedprocess] [info] Scanned user extensions: 2
[2019-02-02 03:22:46.542] [sharedprocess] [info] Scanned user extensions: 2
[2019-02-02 03:27:47.051] [sharedprocess] [info] Scanned user extensions: 2
[2019-02-02 03:32:47.300] [sharedprocess] [info] Scanned user extensions: 2
[2019-02-02 03:37:47.313] [sharedprocess] [info] Scanned user extensions: 2
[2019-02-02 03:42:47.327] [sharedprocess] [info] Scanned user extensions: 2
[2019-02-02 03:47:47.344] [sharedprocess] [info] Scanned user extensions: 2
[2019-02-02 03:52:47.362] [sharedprocess] [info] Scanned user extensions: 2
[2019-02-02 03:57:47.379] [sharedprocess] [info] Scanned user extensions: 2
[2019-02-02 04:02:47.392] [sharedprocess] [info] Scanned user extensions: 2
[2019-02-02 04:07:47.403] [sharedprocess] [info] Scanned user extensions: 2
[2019-02-02 04:12:47.417] [sharedprocess] [info] Scanned user extensions: 2
[2019-02-02 04:17:47.428] [sharedprocess] [info] Scanned user extensions: 2
[2019-02-02 04:22:47.441] [sharedprocess] [info] Scanned user extensions: 2
[2019-02-02 04:27:47.454] [sharedprocess] [info] Scanned user extensions: 2
[2019-02-02 04:32:47.696] [sharedprocess] [info] Scanned user extensions: 2
[2019-02-02 04:37:47.709] [sharedprocess] [info] Scanned user extensions: 2
[2019-02-02 04:42:47.730] [sharedprocess] [info] Scanned user extensions: 2
[2019-02-02 04:47:47.745] [sharedprocess] [info] Scanned user extensions: 2
[2019-02-02 04:52:47.756] [sharedprocess] [info] Scanned user extensions: 2
[2019-02-02 04:57:47.770] [sharedprocess] [info] Scanned user extensions: 2
[2019-02-02 05:02:47.782] [sharedprocess] [info] Scanned user extensions: 2
[2019-02-02 05:07:47.795] [sharedprocess] [info] Scanned user extensions: 2
[2019-02-02 05:12:47.808] [sharedprocess] [info] Scanned user extensions: 2
[2019-02-02 05:17:47.824] [sharedprocess] [info] Scanned user extensions: 2
[2019-02-02 05:22:47.837] [sharedprocess] [info] Scanned user extensions: 2
[2019-02-02 05:27:47.978] [sharedprocess] [info] Scanned user extensions: 2
[2019-02-02 05:32:48.058] [sharedprocess] [info] Scanned user extensions: 2
[2019-02-02 05:37:48.072] [sharedprocess] [info] Scanned user extensions: 2
[2019-02-02 05:42:48.088] [sharedprocess] [info] Scanned user extensions: 2
[2019-02-02 05:47:48.102] [sharedprocess] [info] Scanned user extensions: 2
[2019-02-02 05:52:48.115] [sharedprocess] [info] Scanned user extensions: 2
[2019-02-02 05:57:48.128] [sharedprocess] [info] Scanned user extensions: 2
[2019-02-02 06:02:48.190] [sharedprocess] [info] Scanned user extensions: 2
[2019-02-02 06:07:48.202] [sharedprocess] [info] Scanned user extensions: 2
[2019-02-02 06:12:48.217] [sharedprocess] [info] Scanned user extensions: 2
[2019-02-02 06:17:48.231] [sharedprocess] [info] Scanned user extensions: 2
[2019-02-02 06:22:48.244] [sharedprocess] [info] Scanned user extensions: 2
[2019-02-02 06:27:48.259] [sharedprocess] [info] Scanned user extensions: 2
[2019-02-02 06:32:48.413] [sharedprocess] [info] Scanned user extensions: 2
[2019-02-02 06:37:48.429] [sharedprocess] [info] Scanned user extensions: 2
[2019-02-02 06:42:48.443] [sharedprocess] [info] Scanned user extensions: 2
[2019-02-02 06:47:48.462] [sharedprocess] [info] Scanned user extensions: 2
[2019-02-02 06:52:48.477] [sharedprocess] [info] Scanned user extensions: 2
[2019-02-02 06:57:48.491] [sharedprocess] [info] Scanned user extensions: 2
[2019-02-02 07:02:48.503] [sharedprocess] [info] Scanned user extensions: 2
[2019-02-02 07:07:48.517] [sharedprocess] [info] Scanned user extensions: 2
[2019-02-02 07:12:48.530] [sharedprocess] [info] Scanned user extensions: 2
[2019-02-02 07:17:48.543] [sharedprocess] [info] Scanned user extensions: 2
[2019-02-02 07:22:48.556] [sharedprocess] [info] Scanned user extensions: 2
[2019-02-02 07:27:48.570] [sharedprocess] [info] Scanned user extensions: 2
[2019-02-02 07:32:48.722] [sharedprocess] [info] Scanned user extensions: 2
[2019-02-02 07:37:48.736] [sharedprocess] [info] Scanned user extensions: 2
[2019-02-02 07:42:48.750] [sharedprocess] [info] Scanned user extensions: 2
[2019-02-02 07:47:49.155] [sharedprocess] [info] Scanned user extensions: 2
[2019-02-02 07:52:49.167] [sharedprocess] [info] Scanned user extensions: 2
[2019-02-02 07:57:49.179] [sharedprocess] [info] Scanned user extensions: 2
[2019-02-02 08:02:49.193] [sharedprocess] [info] Scanned user extensions: 2
[2019-02-02 08:07:49.210] [sharedprocess] [info] Scanned user extensions: 2
[2019-02-02 08:12:49.232] [sharedprocess] [info] Scanned user extensions: 2
[2019-02-02 08:17:49.245] [sharedprocess] [info] Scanned user extensions: 2
[2019-02-02 08:22:49.258] [sharedprocess] [info] Scanned user extensions: 2
[2019-02-02 08:27:49.274] [sharedprocess] [info] Scanned user extensions: 2
[2019-02-02 08:32:49.899] [sharedprocess] [info] Scanned user extensions: 2
[2019-02-02 08:37:49.916] [sharedprocess] [info] Scanned user extensions: 2
[2019-02-02 08:42:49.932] [sharedprocess] [info] Scanned user extensions: 2
[2019-02-02 08:47:49.944] [sharedprocess] [info] Scanned user extensions: 2
[2019-02-02 08:52:49.957] [sharedprocess] [info] Scanned user extensions: 2
[2019-02-02 08:57:49.970] [sharedprocess] [info] Scanned user extensions: 2
[2019-02-02 09:02:49.982] [sharedprocess] [info] Scanned user extensions: 2
[2019-02-02 09:07:49.996] [sharedprocess] [info] Scanned user extensions: 2
[2019-02-02 09:12:50.012] [sharedprocess] [info] Scanned user extensions: 2
[2019-02-02 09:17:50.025] [sharedprocess] [info] Scanned user extensions: 2
[2019-02-02 09:22:50.039] [sharedprocess] [info] Scanned user extensions: 2
[2019-02-02 09:27:50.053] [sharedprocess] [info] Scanned user extensions: 2
[2019-02-02 09:32:50.218] [sharedprocess] [info] Scanned user extensions: 2
[2019-02-02 09:37:50.247] [sharedprocess] [info] Scanned user extensions: 2
[2019-02-02 09:42:50.269] [sharedprocess] [info] Scanned user extensions: 2
[2019-02-02 09:47:50.284] [sharedprocess] [info] Scanned user extensions: 2
[2019-02-02 09:52:50.296] [sharedprocess] [info] Scanned user extensions: 2
[2019-02-02 09:57:50.310] [sharedprocess] [info] Scanned user extensions: 2
[2019-02-02 10:02:50.329] [sharedprocess] [info] Scanned user extensions: 2
[2019-02-02 10:07:50.342] [sharedprocess] [info] Scanned user extensions: 2
[2019-02-02 10:12:50.354] [sharedprocess] [info] Scanned user extensions: 2
[2019-02-02 10:17:50.370] [sharedprocess] [info] Scanned user extensions: 2
[2019-02-02 10:22:50.383] [sharedprocess] [info] Scanned user extensions: 2
[2019-02-02 10:27:50.396] [sharedprocess] [info] Scanned user extensions: 2
[2019-02-02 10:32:54.926] [sharedprocess] [info] Scanned user extensions: 2
[2019-02-02 10:37:54.945] [sharedprocess] [info] Scanned user extensions: 2
[2019-02-02 10:42:54.962] [sharedprocess] [info] Scanned user extensions: 2
[2019-02-02 10:47:54.979] [sharedprocess] [info] Scanned user extensions: 2
[2019-02-02 10:52:54.997] [sharedprocess] [info] Scanned user extensions: 2
[2019-02-02 10:57:55.011] [sharedprocess] [info] Scanned user extensions: 2
[2019-02-02 11:02:55.022] [sharedprocess] [info] Scanned user extensions: 2
[2019-02-02 11:07:55.038] [sharedprocess] [info] Scanned user extensions: 2
[2019-02-02 11:12:55.050] [sharedprocess] [info] Scanned user extensions: 2
[2019-02-02 11:17:55.064] [sharedprocess] [info] Scanned user extensions: 2
[2019-02-02 11:22:55.075] [sharedprocess] [info] Scanned user extensions: 2
[2019-02-02 11:27:55.089] [sharedprocess] [info] Scanned user extensions: 2
[2019-02-02 11:32:55.350] [sharedprocess] [info] Scanned user extensions: 2
[2019-02-02 11:37:55.365] [sharedprocess] [info] Scanned user extensions: 2
[2019-02-02 11:42:55.379] [sharedprocess] [info] Scanned user extensions: 2
[2019-02-02 11:47:55.392] [sharedprocess] [info] Scanned user extensions: 2
[2019-02-02 11:52:55.406] [sharedprocess] [info] Scanned user extensions: 2
[2019-02-02 11:57:55.418] [sharedprocess] [info] Scanned user extensions: 2
[2019-02-02 12:02:55.434] [sharedprocess] [info] Scanned user extensions: 2
[2019-02-02 12:07:55.444] [sharedprocess] [info] Scanned user extensions: 2
[2019-02-02 12:12:55.459] [sharedprocess] [info] Scanned user extensions: 2
[2019-02-02 12:17:55.473] [sharedprocess] [info] Scanned user extensions: 2
[2019-02-02 12:22:55.489] [sharedprocess] [info] Scanned user extensions: 2
[2019-02-02 12:27:55.505] [sharedprocess] [info] Scanned user extensions: 2
[2019-02-02 12:32:55.683] [sharedprocess] [info] Scanned user extensions: 2
[2019-02-02 12:37:55.698] [sharedprocess] [info] Scanned user extensions: 2
[2019-02-02 12:42:55.711] [sharedprocess] [info] Scanned user extensions: 2
[2019-02-02 12:47:55.722] [sharedprocess] [info] Scanned user extensions: 2
[2019-02-02 12:52:55.736] [sharedprocess] [info] Scanned user extensions: 2
[2019-02-02 12:57:55.749] [sharedprocess] [info] Scanned user extensions: 2
[2019-02-02 13:02:55.761] [sharedprocess] [info] Scanned user extensions: 2
[2019-02-02 13:07:55.777] [sharedprocess] [info] Scanned user extensions: 2
[2019-02-02 13:12:55.789] [sharedprocess] [info] Scanned user extensions: 2
[2019-02-02 13:17:55.802] [sharedprocess] [info] Scanned user extensions: 2
[2019-02-02 13:22:55.814] [sharedprocess] [info] Scanned user extensions: 2
[2019-02-02 13:27:55.830] [sharedprocess] [info] Scanned user extensions: 2
[2019-02-02 13:32:55.960] [sharedprocess] [info] Scanned user extensions: 2
[2019-02-02 13:37:55.972] [sharedprocess] [info] Scanned user extensions: 2
[2019-02-02 13:42:55.987] [sharedprocess] [info] Scanned user extensions: 2
[2019-02-02 13:47:56.227] [sharedprocess] [info] Scanned user extensions: 2
[2019-02-02 13:52:56.239] [sharedprocess] [info] Scanned user extensions: 2
[2019-02-02 13:57:56.257] [sharedprocess] [info] Scanned user extensions: 2
[2019-02-02 14:02:56.331] [sharedprocess] [info] Scanned user extensions: 2
[2019-02-02 14:07:56.345] [sharedprocess] [info] Scanned user extensions: 2
[2019-02-02 14:12:56.358] [sharedprocess] [info] Scanned user extensions: 2
[2019-02-02 14:17:56.373] [sharedprocess] [info] Scanned user extensions: 2
[2019-02-02 14:22:56.392] [sharedprocess] [info] Scanned user extensions: 2
[2019-02-02 14:27:56.406] [sharedprocess] [info] Scanned user extensions: 2
[2019-02-02 14:32:56.676] [sharedprocess] [info] Scanned user extensions: 2
[2019-02-02 14:37:56.689] [sharedprocess] [info] Scanned user extensions: 2
[2019-02-02 14:42:56.704] [sharedprocess] [info] Scanned user extensions: 2
[2019-02-02 14:47:56.716] [sharedprocess] [info] Scanned user extensions: 2
[2019-02-02 14:52:56.731] [sharedprocess] [info] Scanned user extensions: 2
[2019-02-02 14:57:56.748] [sharedprocess] [info] Scanned user extensions: 2
[2019-02-02 15:02:56.762] [sharedprocess] [info] Scanned user extensions: 2
[2019-02-02 15:07:56.776] [sharedprocess] [info] Scanned user extensions: 2
[2019-02-02 15:12:56.793] [sharedprocess] [info] Scanned user extensions: 2
[2019-02-02 15:17:56.810] [sharedprocess] [info] Scanned user extensions: 2
[2019-02-02 15:22:56.972] [sharedprocess] [info] Scanned user extensions: 2
[2019-02-02 15:27:56.998] [sharedprocess] [info] Scanned user extensions: 2
[2019-02-02 15:32:57.238] [sharedprocess] [info] Scanned user extensions: 2
[2019-02-02 15:37:57.255] [sharedprocess] [info] Scanned user extensions: 2
[2019-02-02 15:42:57.269] [sharedprocess] [info] Scanned user extensions: 2
[2019-02-02 15:47:57.283] [sharedprocess] [info] Scanned user extensions: 2
[2019-02-02 15:52:57.295] [sharedprocess] [info] Scanned user extensions: 2
[2019-02-02 15:57:57.337] [sharedprocess] [info] Scanned user extensions: 2
[2019-02-02 16:02:57.362] [sharedprocess] [info] Scanned user extensions: 2
[2019-02-02 16:07:57.375] [sharedprocess] [info] Scanned user extensions: 2
[2019-02-02 16:12:57.390] [sharedprocess] [info] Scanned user extensions: 2
[2019-02-02 16:17:57.425] [sharedprocess] [info] Scanned user extensions: 2
[2019-02-02 16:22:57.446] [sharedprocess] [info] Scanned user extensions: 2
[2019-02-02 16:27:57.481] [sharedprocess] [info] Scanned user extensions: 2
[2019-02-02 16:32:57.764] [sharedprocess] [info] Scanned user extensions: 2
[2019-02-02 16:37:57.778] [sharedprocess] [info] Scanned user extensions: 2
[2019-02-02 16:42:57.802] [sharedprocess] [info] Scanned user extensions: 2
[2019-02-02 16:47:57.815] [sharedprocess] [info] Scanned user extensions: 2
[2019-02-02 16:52:57.826] [sharedprocess] [info] Scanned user extensions: 2
[2019-02-02 16:57:57.841] [sharedprocess] [info] Scanned user extensions: 2
[2019-02-02 17:02:57.852] [sharedprocess] [info] Scanned user extensions: 2
[2019-02-02 17:07:57.867] [sharedprocess] [info] Scanned user extensions: 2
[2019-02-02 17:12:57.879] [sharedprocess] [info] Scanned user extensions: 2
[2019-02-02 17:17:58.103] [sharedprocess] [info] Scanned user extensions: 2
[2019-02-02 17:22:58.121] [sharedprocess] [info] Scanned user extensions: 2
[2019-02-02 17:27:58.135] [sharedprocess] [info] Scanned user extensions: 2
[2019-02-02 17:32:58.409] [sharedprocess] [info] Scanned user extensions: 2
[2019-02-02 17:37:58.430] [sharedprocess] [info] Scanned user extensions: 2
[2019-02-02 17:42:58.443] [sharedprocess] [info] Scanned user extensions: 2
[2019-02-02 17:47:58.461] [sharedprocess] [info] Scanned user extensions: 2
[2019-02-02 17:52:58.473] [sharedprocess] [info] Scanned user extensions: 2
[2019-02-02 17:57:58.488] [sharedprocess] [info] Scanned user extensions: 2
[2019-02-02 18:02:58.505] [sharedprocess] [info] Scanned user extensions: 2
[2019-02-02 18:07:58.516] [sharedprocess] [info] Scanned user extensions: 2
[2019-02-02 18:12:58.532] [sharedprocess] [info] Scanned user extensions: 2
[2019-02-02 18:17:58.567] [sharedprocess] [info] Scanned user extensions: 2
[2019-02-02 18:22:58.583] [sharedprocess] [info] Scanned user extensions: 2
[2019-02-02 18:27:58.596] [sharedprocess] [info] Scanned user extensions: 2
[2019-02-02 18:32:58.823] [sharedprocess] [info] Scanned user extensions: 2
[2019-02-02 18:37:58.839] [sharedprocess] [info] Scanned user extensions: 2
[2019-02-02 18:44:04.069] [sharedprocess] [info] Scanned user extensions: 2
[2019-02-02 18:49:04.081] [sharedprocess] [info] Scanned user extensions: 2
[2019-02-02 18:54:04.094] [sharedprocess] [info] Scanned user extensions: 2
[2019-02-02 18:59:04.108] [sharedprocess] [info] Scanned user extensions: 2
[2019-02-02 19:04:04.126] [sharedprocess] [info] Scanned user extensions: 2
[2019-02-02 19:09:04.139] [sharedprocess] [info] Scanned user extensions: 2
[2019-02-02 19:14:04.151] [sharedprocess] [info] Scanned user extensions: 2
[2019-02-02 19:19:04.165] [sharedprocess] [info] Scanned user extensions: 2
[2019-02-02 19:24:04.179] [sharedprocess] [info] Scanned user extensions: 2
[2019-02-02 19:29:04.193] [sharedprocess] [info] Scanned user extensions: 2
[2019-02-02 19:34:04.475] [sharedprocess] [info] Scanned user extensions: 2
[2019-02-02 19:39:04.493] [sharedprocess] [info] Scanned user extensions: 2
[2019-02-02 19:44:04.505] [sharedprocess] [info] Scanned user extensions: 2
[2019-02-02 19:49:04.518] [sharedprocess] [info] Scanned user extensions: 2
[2019-02-02 19:54:04.530] [sharedprocess] [info] Scanned user extensions: 2
[2019-02-02 19:59:04.549] [sharedprocess] [info] Scanned user extensions: 2
[2019-02-02 20:04:04.566] [sharedprocess] [info] Scanned user extensions: 2
[2019-02-02 20:09:04.614] [sharedprocess] [info] Scanned user extensions: 2
[2019-02-02 20:14:04.627] [sharedprocess] [info] Scanned user extensions: 2
[2019-02-02 20:19:04.639] [sharedprocess] [info] Scanned user extensions: 2
[2019-02-02 20:24:04.653] [sharedprocess] [info] Scanned user extensions: 2
[2019-02-02 20:29:04.772] [sharedprocess] [info] Scanned user extensions: 2
[2019-02-02 20:34:05.072] [sharedprocess] [info] Scanned user extensions: 2
[2019-02-02 20:39:05.087] [sharedprocess] [info] Scanned user extensions: 2
[2019-02-02 20:44:05.102] [sharedprocess] [info] Scanned user extensions: 2
[2019-02-02 20:49:05.604] [sharedprocess] [info] Scanned user extensions: 2
[2019-02-02 20:54:05.627] [sharedprocess] [info] Scanned user extensions: 2
[2019-02-02 20:59:05.641] [sharedprocess] [info] Scanned user extensions: 2
[2019-02-02 21:04:05.654] [sharedprocess] [info] Scanned user extensions: 2
[2019-02-02 21:09:05.667] [sharedprocess] [info] Scanned user extensions: 2
[2019-02-02 21:14:05.680] [sharedprocess] [info] Scanned user extensions: 2
[2019-02-02 21:19:05.698] [sharedprocess] [info] Scanned user extensions: 2
[2019-02-02 21:24:05.724] [sharedprocess] [info] Scanned user extensions: 2
[2019-02-02 21:29:05.739] [sharedprocess] [info] Scanned user extensions: 2
[2019-02-02 21:34:06.086] [sharedprocess] [info] Scanned user extensions: 2
[2019-02-02 21:39:06.101] [sharedprocess] [info] Scanned user extensions: 2
[2019-02-02 21:44:06.115] [sharedprocess] [info] Scanned user extensions: 2
[2019-02-02 21:49:06.130] [sharedprocess] [info] Scanned user extensions: 2
[2019-02-02 21:54:06.143] [sharedprocess] [info] Scanned user extensions: 2
[2019-02-02 21:59:06.159] [sharedprocess] [info] Scanned user extensions: 2
[2019-02-02 22:04:06.174] [sharedprocess] [info] Scanned user extensions: 2
[2019-02-02 22:09:06.188] [sharedprocess] [info] Scanned user extensions: 2
[2019-02-02 22:14:06.208] [sharedprocess] [info] Scanned user extensions: 2
[2019-02-02 22:19:06.222] [sharedprocess] [info] Scanned user extensions: 2
[2019-02-02 22:24:06.239] [sharedprocess] [info] Scanned user extensions: 2
[2019-02-02 22:29:06.256] [sharedprocess] [info] Scanned user extensions: 2
[2019-02-02 22:34:06.599] [sharedprocess] [info] Scanned user extensions: 2
[2019-02-02 22:39:06.619] [sharedprocess] [info] Scanned user extensions: 2
[2019-02-02 22:44:06.634] [sharedprocess] [info] Scanned user extensions: 2
[2019-02-02 22:49:06.648] [sharedprocess] [info] Scanned user extensions: 2
[2019-02-02 22:54:06.665] [sharedprocess] [info] Scanned user extensions: 2
[2019-02-02 22:59:06.681] [sharedprocess] [info] Scanned user extensions: 2
[2019-02-02 23:04:06.695] [sharedprocess] [info] Scanned user extensions: 2
[2019-02-02 23:09:06.709] [sharedprocess] [info] Scanned user extensions: 2
[2019-02-02 23:14:06.723] [sharedprocess] [info] Scanned user extensions: 2
[2019-02-02 23:19:06.747] [sharedprocess] [info] Scanned user extensions: 2
[2019-02-02 23:24:06.759] [sharedprocess] [info] Scanned user extensions: 2
[2019-02-02 23:29:06.773] [sharedprocess] [info] Scanned user extensions: 2
[2019-02-02 23:34:07.038] [sharedprocess] [info] Scanned user extensions: 2
[2019-02-02 23:39:07.053] [sharedprocess] [info] Scanned user extensions: 2
[2019-02-02 23:44:07.071] [sharedprocess] [info] Scanned user extensions: 2
[2019-02-02 23:49:07.089] [sharedprocess] [info] Scanned user extensions: 2
[2019-02-02 23:54:07.255] [sharedprocess] [info] Scanned user extensions: 2
[2019-02-02 23:59:07.267] [sharedprocess] [info] Scanned user extensions: 2
[2019-02-03 00:04:07.283] [sharedprocess] [info] Scanned user extensions: 2
[2019-02-03 00:09:07.296] [sharedprocess] [info] Scanned user extensions: 2
[2019-02-03 00:14:07.310] [sharedprocess] [info] Scanned user extensions: 2
[2019-02-03 00:19:07.321] [sharedprocess] [info] Scanned user extensions: 2
[2019-02-03 00:24:07.339] [sharedprocess] [info] Scanned user extensions: 2
[2019-02-03 00:29:07.353] [sharedprocess] [info] Scanned user extensions: 2
[2019-02-03 00:34:07.475] [sharedprocess] [info] Scanned user extensions: 2
[2019-02-03 00:39:07.491] [sharedprocess] [info] Scanned user extensions: 2
[2019-02-03 00:44:07.505] [sharedprocess] [info] Scanned user extensions: 2
[2019-02-03 00:49:07.522] [sharedprocess] [info] Scanned user extensions: 2
[2019-02-03 00:54:07.535] [sharedprocess] [info] Scanned user extensions: 2
[2019-02-03 00:59:07.547] [sharedprocess] [info] Scanned user extensions: 2
[2019-02-03 01:04:07.562] [sharedprocess] [info] Scanned user extensions: 2
[2019-02-03 01:09:07.581] [sharedprocess] [info] Scanned user extensions: 2
[2019-02-03 01:14:07.595] [sharedprocess] [info] Scanned user extensions: 2
[2019-02-03 01:19:07.611] [sharedprocess] [info] Scanned user extensions: 2
[2019-02-03 01:24:07.626] [sharedprocess] [info] Scanned user extensions: 2
[2019-02-03 01:29:07.970] [sharedprocess] [info] Scanned user extensions: 2
[2019-02-03 01:34:08.428] [sharedprocess] [info] Scanned user extensions: 2
[2019-02-03 01:39:08.441] [sharedprocess] [info] Scanned user extensions: 2
[2019-02-03 01:44:08.460] [sharedprocess] [info] Scanned user extensions: 2
[2019-02-03 01:49:08.475] [sharedprocess] [info] Scanned user extensions: 2
[2019-02-03 01:54:08.492] [sharedprocess] [info] Scanned user extensions: 2
[2019-02-03 01:59:08.506] [sharedprocess] [info] Scanned user extensions: 2
[2019-02-03 02:04:08.518] [sharedprocess] [info] Scanned user extensions: 2
[2019-02-03 02:09:08.532] [sharedprocess] [info] Scanned user extensions: 2
[2019-02-03 02:14:08.544] [sharedprocess] [info] Scanned user extensions: 2
[2019-02-03 02:19:08.559] [sharedprocess] [info] Scanned user extensions: 2
[2019-02-03 02:24:08.571] [sharedprocess] [info] Scanned user extensions: 2
[2019-02-03 02:29:08.585] [sharedprocess] [info] Scanned user extensions: 2
[2019-02-03 02:34:08.669] [sharedprocess] [info] Scanned user extensions: 2
[2019-02-03 02:39:08.685] [sharedprocess] [info] Scanned user extensions: 2
[2019-02-03 02:44:08.697] [sharedprocess] [info] Scanned user extensions: 2
[2019-02-03 02:49:08.710] [sharedprocess] [info] Scanned user extensions: 2
[2019-02-03 02:54:08.725] [sharedprocess] [info] Scanned user extensions: 2
[2019-02-03 02:59:08.746] [sharedprocess] [info] Scanned user extensions: 2
[2019-02-03 03:04:08.761] [sharedprocess] [info] Scanned user extensions: 2
[2019-02-03 03:09:08.777] [sharedprocess] [info] Scanned user extensions: 2
[2019-02-03 03:14:08.793] [sharedprocess] [info] Scanned user extensions: 2
[2019-02-03 03:19:08.809] [sharedprocess] [info] Scanned user extensions: 2
[2019-02-03 03:24:08.821] [sharedprocess] [info] Scanned user extensions: 2
[2019-02-03 03:29:08.838] [sharedprocess] [info] Scanned user extensions: 2
[2019-02-03 03:34:09.350] [sharedprocess] [info] Scanned user extensions: 2
[2019-02-03 03:39:09.366] [sharedprocess] [info] Scanned user extensions: 2
[2019-02-03 03:44:09.380] [sharedprocess] [info] Scanned user extensions: 2
[2019-02-03 03:49:09.398] [sharedprocess] [info] Scanned user extensions: 2
[2019-02-03 03:54:09.414] [sharedprocess] [info] Scanned user extensions: 2
[2019-02-03 03:59:09.432] [sharedprocess] [info] Scanned user extensions: 2
[2019-02-03 04:04:09.449] [sharedprocess] [info] Scanned user extensions: 2
[2019-02-03 04:09:09.460] [sharedprocess] [info] Scanned user extensions: 2
[2019-02-03 04:14:09.474] [sharedprocess] [info] Scanned user extensions: 2
[2019-02-03 04:19:09.489] [sharedprocess] [info] Scanned user extensions: 2
[2019-02-03 04:24:09.502] [sharedprocess] [info] Scanned user extensions: 2
[2019-02-03 04:29:09.515] [sharedprocess] [info] Scanned user extensions: 2
[2019-02-03 04:34:09.600] [sharedprocess] [info] Scanned user extensions: 2
[2019-02-03 04:39:09.615] [sharedprocess] [info] Scanned user extensions: 2
[2019-02-03 04:44:09.631] [sharedprocess] [info] Scanned user extensions: 2
[2019-02-03 04:49:09.643] [sharedprocess] [info] Scanned user extensions: 2
[2019-02-03 04:54:09.658] [sharedprocess] [info] Scanned user extensions: 2
[2019-02-03 04:59:09.675] [sharedprocess] [info] Scanned user extensions: 2
[2019-02-03 05:04:09.689] [sharedprocess] [info] Scanned user extensions: 2
[2019-02-03 05:09:09.707] [sharedprocess] [info] Scanned user extensions: 2
[2019-02-03 05:14:09.723] [sharedprocess] [info] Scanned user extensions: 2
[2019-02-03 05:19:09.738] [sharedprocess] [info] Scanned user extensions: 2
[2019-02-03 05:24:09.753] [sharedprocess] [info] Scanned user extensions: 2
[2019-02-03 05:29:09.767] [sharedprocess] [info] Scanned user extensions: 2
[2019-02-03 05:34:09.884] [sharedprocess] [info] Scanned user extensions: 2
[2019-02-03 05:39:09.901] [sharedprocess] [info] Scanned user extensions: 2
[2019-02-03 05:44:09.916] [sharedprocess] [info] Scanned user extensions: 2
[2019-02-03 05:49:09.931] [sharedprocess] [info] Scanned user extensions: 2
[2019-02-03 05:54:09.946] [sharedprocess] [info] Scanned user extensions: 2
[2019-02-03 05:59:09.959] [sharedprocess] [info] Scanned user extensions: 2
[2019-02-03 06:04:10.103] [sharedprocess] [info] Scanned user extensions: 2
[2019-02-03 06:09:10.119] [sharedprocess] [info] Scanned user extensions: 2
[2019-02-03 06:14:10.137] [sharedprocess] [info] Scanned user extensions: 2
[2019-02-03 06:19:10.297] [sharedprocess] [info] Scanned user extensions: 2
[2019-02-03 06:24:10.313] [sharedprocess] [info] Scanned user extensions: 2
[2019-02-03 06:29:10.447] [sharedprocess] [info] Scanned user extensions: 2
[2019-02-03 06:34:10.549] [sharedprocess] [info] Scanned user extensions: 2
[2019-02-03 06:39:10.564] [sharedprocess] [info] Scanned user extensions: 2
[2019-02-03 06:44:10.578] [sharedprocess] [info] Scanned user extensions: 2
[2019-02-03 06:49:10.592] [sharedprocess] [info] Scanned user extensions: 2
[2019-02-03 06:54:10.605] [sharedprocess] [info] Scanned user extensions: 2
[2019-02-03 06:59:10.620] [sharedprocess] [info] Scanned user extensions: 2
[2019-02-03 07:04:10.633] [sharedprocess] [info] Scanned user extensions: 2
[2019-02-03 07:09:10.648] [sharedprocess] [info] Scanned user extensions: 2
[2019-02-03 07:14:10.661] [sharedprocess] [info] Scanned user extensions: 2
[2019-02-03 07:19:10.674] [sharedprocess] [info] Scanned user extensions: 2
[2019-02-03 07:24:11.099] [sharedprocess] [info] Scanned user extensions: 2
[2019-02-03 07:29:11.115] [sharedprocess] [info] Scanned user extensions: 2
[2019-02-03 07:34:11.472] [sharedprocess] [info] Scanned user extensions: 2
[2019-02-03 07:39:11.485] [sharedprocess] [info] Scanned user extensions: 2
[2019-02-03 07:44:11.498] [sharedprocess] [info] Scanned user extensions: 2
[2019-02-03 07:49:11.513] [sharedprocess] [info] Scanned user extensions: 2
[2019-02-03 07:54:11.526] [sharedprocess] [info] Scanned user extensions: 2
[2019-02-03 07:59:11.538] [sharedprocess] [info] Scanned user extensions: 2
[2019-02-03 08:04:11.553] [sharedprocess] [info] Scanned user extensions: 2
[2019-02-03 08:09:11.566] [sharedprocess] [info] Scanned user extensions: 2
[2019-02-03 08:14:11.582] [sharedprocess] [info] Scanned user extensions: 2
[2019-02-03 08:19:11.595] [sharedprocess] [info] Scanned user extensions: 2
[2019-02-03 08:24:11.609] [sharedprocess] [info] Scanned user extensions: 2
[2019-02-03 08:29:11.622] [sharedprocess] [info] Scanned user extensions: 2
[2019-02-03 08:34:11.739] [sharedprocess] [info] Scanned user extensions: 2
[2019-02-03 08:39:12.070] [sharedprocess] [info] Scanned user extensions: 2
[2019-02-03 08:44:12.085] [sharedprocess] [info] Scanned user extensions: 2
[2019-02-03 08:49:12.100] [sharedprocess] [info] Scanned user extensions: 2
[2019-02-03 08:54:12.116] [sharedprocess] [info] Scanned user extensions: 2
[2019-02-03 08:59:12.129] [sharedprocess] [info] Scanned user extensions: 2
[2019-02-03 09:04:12.146] [sharedprocess] [info] Scanned user extensions: 2
[2019-02-03 09:09:12.160] [sharedprocess] [info] Scanned user extensions: 2
[2019-02-03 09:14:12.176] [sharedprocess] [info] Scanned user extensions: 2
[2019-02-03 09:19:12.190] [sharedprocess] [info] Scanned user extensions: 2
[2019-02-03 09:24:12.203] [sharedprocess] [info] Scanned user extensions: 2
[2019-02-03 09:29:12.218] [sharedprocess] [info] Scanned user extensions: 2
[2019-02-03 09:34:12.435] [sharedprocess] [info] Scanned user extensions: 2
[2019-02-03 09:39:12.449] [sharedprocess] [info] Scanned user extensions: 2
[2019-02-03 09:44:12.462] [sharedprocess] [info] Scanned user extensions: 2
[2019-02-03 09:49:12.501] [sharedprocess] [info] Scanned user extensions: 2
[2019-02-03 09:54:12.512] [sharedprocess] [info] Scanned user extensions: 2
[2019-02-03 09:59:12.526] [sharedprocess] [info] Scanned user extensions: 2
[2019-02-03 10:04:12.539] [sharedprocess] [info] Scanned user extensions: 2
[2019-02-03 10:09:12.551] [sharedprocess] [info] Scanned user extensions: 2
[2019-02-03 10:14:12.566] [sharedprocess] [info] Scanned user extensions: 2
[2019-02-03 10:19:12.580] [sharedprocess] [info] Scanned user extensions: 2
[2019-02-03 10:24:12.604] [sharedprocess] [info] Scanned user extensions: 2
[2019-02-03 10:29:13.042] [sharedprocess] [info] Scanned user extensions: 2
[2019-02-03 10:34:13.146] [sharedprocess] [info] Scanned user extensions: 2
[2019-02-03 10:39:13.163] [sharedprocess] [info] Scanned user extensions: 2
[2019-02-03 10:44:13.525] [sharedprocess] [info] Scanned user extensions: 2
[2019-02-03 10:49:13.538] [sharedprocess] [info] Scanned user extensions: 2
[2019-02-03 10:54:13.550] [sharedprocess] [info] Scanned user extensions: 2
[2019-02-03 10:59:13.565] [sharedprocess] [info] Scanned user extensions: 2
[2019-02-03 11:04:13.576] [sharedprocess] [info] Scanned user extensions: 2
[2019-02-03 11:09:13.592] [sharedprocess] [info] Scanned user extensions: 2
[2019-02-03 11:14:13.604] [sharedprocess] [info] Scanned user extensions: 2
[2019-02-03 11:19:13.620] [sharedprocess] [info] Scanned user extensions: 2
[2019-02-03 11:24:13.632] [sharedprocess] [info] Scanned user extensions: 2
[2019-02-03 11:29:13.647] [sharedprocess] [info] Scanned user extensions: 2
[2019-02-03 11:34:13.854] [sharedprocess] [info] Scanned user extensions: 2
[2019-02-03 11:39:13.867] [sharedprocess] [info] Scanned user extensions: 2
[2019-02-03 11:44:13.883] [sharedprocess] [info] Scanned user extensions: 2
[2019-02-03 11:49:13.898] [sharedprocess] [info] Scanned user extensions: 2
[2019-02-03 11:54:13.912] [sharedprocess] [info] Scanned user extensions: 2
[2019-02-03 11:59:13.924] [sharedprocess] [info] Scanned user extensions: 2
[2019-02-03 12:04:13.939] [sharedprocess] [info] Scanned user extensions: 2
[2019-02-03 12:09:13.953] [sharedprocess] [info] Scanned user extensions: 2
[2019-02-03 12:14:13.969] [sharedprocess] [info] Scanned user extensions: 2
[2019-02-03 12:19:13.981] [sharedprocess] [info] Scanned user extensions: 2
[2019-02-03 12:24:14.323] [sharedprocess] [info] Scanned user extensions: 2
[2019-02-03 12:29:14.339] [sharedprocess] [info] Scanned user extensions: 2
[2019-02-03 12:34:14.484] [sharedprocess] [info] Scanned user extensions: 2
[2019-02-03 12:39:14.499] [sharedprocess] [info] Scanned user extensions: 2
[2019-02-03 12:44:14.516] [sharedprocess] [info] Scanned user extensions: 2
[2019-02-03 12:49:14.531] [sharedprocess] [info] Scanned user extensions: 2
[2019-02-03 12:54:14.548] [sharedprocess] [info] Scanned user extensions: 2
[2019-02-03 12:59:14.566] [sharedprocess] [info] Scanned user extensions: 2
[2019-02-03 13:04:14.581] [sharedprocess] [info] Scanned user extensions: 2
[2019-02-03 13:09:14.599] [sharedprocess] [info] Scanned user extensions: 2
[2019-02-03 13:14:14.616] [sharedprocess] [info] Scanned user extensions: 2
[2019-02-03 13:19:14.636] [sharedprocess] [info] Scanned user extensions: 2
[2019-02-03 13:24:14.653] [sharedprocess] [info] Scanned user extensions: 2
[2019-02-03 13:29:14.668] [sharedprocess] [info] Scanned user extensions: 2
[2019-02-03 13:34:14.785] [sharedprocess] [info] Scanned user extensions: 2
[2019-02-03 13:39:15.260] [sharedprocess] [info] Scanned user extensions: 2
[2019-02-03 13:44:15.272] [sharedprocess] [info] Scanned user extensions: 2
[2019-02-03 13:49:15.287] [sharedprocess] [info] Scanned user extensions: 2
[2019-02-03 13:54:15.298] [sharedprocess] [info] Scanned user extensions: 2
[2019-02-03 13:59:15.313] [sharedprocess] [info] Scanned user extensions: 2
[2019-02-03 14:04:15.325] [sharedprocess] [info] Scanned user extensions: 2
[2019-02-03 14:09:15.336] [sharedprocess] [info] Scanned user extensions: 2
[2019-02-03 14:14:15.352] [sharedprocess] [info] Scanned user extensions: 2
[2019-02-03 14:19:15.366] [sharedprocess] [info] Scanned user extensions: 2
[2019-02-03 14:24:15.379] [sharedprocess] [info] Scanned user extensions: 2
[2019-02-03 14:29:15.400] [sharedprocess] [info] Scanned user extensions: 2
[2019-02-03 14:34:15.635] [sharedprocess] [info] Scanned user extensions: 2
[2019-02-03 14:39:15.648] [sharedprocess] [info] Scanned user extensions: 2
[2019-02-03 14:44:15.661] [sharedprocess] [info] Scanned user extensions: 2
[2019-02-03 14:49:15.676] [sharedprocess] [info] Scanned user extensions: 2
[2019-02-03 14:54:15.690] [sharedprocess] [info] Scanned user extensions: 2
[2019-02-03 14:59:15.703] [sharedprocess] [info] Scanned user extensions: 2
[2019-02-03 15:04:15.716] [sharedprocess] [info] Scanned user extensions: 2
[2019-02-03 15:09:15.731] [sharedprocess] [info] Scanned user extensions: 2
[2019-02-03 15:14:15.743] [sharedprocess] [info] Scanned user extensions: 2
[2019-02-03 15:19:15.756] [sharedprocess] [info] Scanned user extensions: 2
[2019-02-03 15:24:15.774] [sharedprocess] [info] Scanned user extensions: 2
[2019-02-03 15:29:15.788] [sharedprocess] [info] Scanned user extensions: 2
[2019-02-03 15:34:15.941] [sharedprocess] [info] Scanned user extensions: 2
[2019-02-03 15:39:15.962] [sharedprocess] [info] Scanned user extensions: 2
[2019-02-03 15:44:16.412] [sharedprocess] [info] Scanned user extensions: 2
[2019-02-03 15:49:16.425] [sharedprocess] [info] Scanned user extensions: 2
[2019-02-03 15:54:16.438] [sharedprocess] [info] Scanned user extensions: 2
[2019-02-03 15:59:16.459] [sharedprocess] [info] Scanned user extensions: 2
[2019-02-03 16:04:16.477] [sharedprocess] [info] Scanned user extensions: 2
[2019-02-03 16:09:16.492] [sharedprocess] [info] Scanned user extensions: 2
[2019-02-03 16:14:16.628] [sharedprocess] [info] Scanned user extensions: 2
[2019-02-03 16:19:16.644] [sharedprocess] [info] Scanned user extensions: 2
[2019-02-03 16:24:16.669] [sharedprocess] [info] Scanned user extensions: 2
[2019-02-03 16:29:16.713] [sharedprocess] [info] Scanned user extensions: 2
[2019-02-03 16:34:26.737] [sharedprocess] [info] Scanned user extensions: 2
[2019-02-03 16:39:27.060] [sharedprocess] [info] Scanned user extensions: 2
[2019-02-03 16:44:27.073] [sharedprocess] [info] Scanned user extensions: 2
[2019-02-03 16:49:27.088] [sharedprocess] [info] Scanned user extensions: 2
[2019-02-03 16:54:27.102] [sharedprocess] [info] Scanned user extensions: 2
[2019-02-03 16:59:27.114] [sharedprocess] [info] Scanned user extensions: 2
[2019-02-03 17:04:27.139] [sharedprocess] [info] Scanned user extensions: 2
[2019-02-03 17:09:27.531] [sharedprocess] [info] Scanned user extensions: 2
[2019-02-03 17:14:27.546] [sharedprocess] [info] Scanned user extensions: 2
[2019-02-03 17:19:27.694] [sharedprocess] [info] Scanned user extensions: 2
[2019-02-03 17:24:27.708] [sharedprocess] [info] Scanned user extensions: 2
[2019-02-03 17:29:27.720] [sharedprocess] [info] Scanned user extensions: 2
[2019-02-03 17:34:27.735] [sharedprocess] [info] Scanned user extensions: 2
[2019-02-03 17:39:27.828] [sharedprocess] [info] Scanned user extensions: 2
[2019-02-03 17:44:27.843] [sharedprocess] [info] Scanned user extensions: 2
[2019-02-03 17:49:27.854] [sharedprocess] [info] Scanned user extensions: 2
[2019-02-03 17:54:27.867] [sharedprocess] [info] Scanned user extensions: 2
[2019-02-03 17:59:27.882] [sharedprocess] [info] Scanned user extensions: 2
[2019-02-03 18:04:28.230] [sharedprocess] [info] Scanned user extensions: 2
[2019-02-03 18:09:28.245] [sharedprocess] [info] Scanned user extensions: 2
[2019-02-03 18:14:28.257] [sharedprocess] [info] Scanned user extensions: 2
[2019-02-03 18:19:28.271] [sharedprocess] [info] Scanned user extensions: 2
[2019-02-03 18:24:28.284] [sharedprocess] [info] Scanned user extensions: 2
[2019-02-03 18:29:28.298] [sharedprocess] [info] Scanned user extensions: 2
[2019-02-03 18:34:28.312] [sharedprocess] [info] Scanned user extensions: 2
[2019-02-03 18:39:28.461] [sharedprocess] [info] Scanned user extensions: 2
[2019-02-03 18:44:28.471] [sharedprocess] [info] Scanned user extensions: 2
[2019-02-03 18:49:28.725] [sharedprocess] [info] Scanned user extensions: 2
[2019-02-03 18:54:28.742] [sharedprocess] [info] Scanned user extensions: 2
[2019-02-03 18:59:28.757] [sharedprocess] [info] Scanned user extensions: 2
[2019-02-03 19:04:28.772] [sharedprocess] [info] Scanned user extensions: 2
[2019-02-03 19:09:28.785] [sharedprocess] [info] Scanned user extensions: 2
[2019-02-03 19:14:28.801] [sharedprocess] [info] Scanned user extensions: 2
[2019-02-03 19:19:28.818] [sharedprocess] [info] Scanned user extensions: 2
[2019-02-03 19:24:28.833] [sharedprocess] [info] Scanned user extensions: 2
[2019-02-03 19:29:28.848] [sharedprocess] [info] Scanned user extensions: 2
[2019-02-03 19:34:28.862] [sharedprocess] [info] Scanned user extensions: 2
[2019-02-03 19:39:28.985] [sharedprocess] [info] Scanned user extensions: 2
[2019-02-03 19:44:28.997] [sharedprocess] [info] Scanned user extensions: 2
[2019-02-03 19:49:29.008] [sharedprocess] [info] Scanned user extensions: 2
[2019-02-03 19:54:29.020] [sharedprocess] [info] Scanned user extensions: 2
[2019-02-03 19:59:29.034] [sharedprocess] [info] Scanned user extensions: 2
[2019-02-03 20:04:29.048] [sharedprocess] [info] Scanned user extensions: 2
[2019-02-03 20:09:29.061] [sharedprocess] [info] Scanned user extensions: 2
[2019-02-03 20:14:29.077] [sharedprocess] [info] Scanned user extensions: 2
[2019-02-03 20:19:29.091] [sharedprocess] [info] Scanned user extensions: 2
[2019-02-03 20:24:29.106] [sharedprocess] [info] Scanned user extensions: 2
[2019-02-03 20:29:29.238] [sharedprocess] [info] Scanned user extensions: 2
[2019-02-03 20:34:29.298] [sharedprocess] [info] Scanned user extensions: 2
[2019-02-03 20:39:29.479] [sharedprocess] [info] Scanned user extensions: 2
[2019-02-03 20:44:29.495] [sharedprocess] [info] Scanned user extensions: 2
[2019-02-03 20:49:29.508] [sharedprocess] [info] Scanned user extensions: 2
[2019-02-03 20:54:29.976] [sharedprocess] [info] Scanned user extensions: 2
[2019-02-03 20:59:30.145] [sharedprocess] [info] Scanned user extensions: 2
[2019-02-03 21:04:30.159] [sharedprocess] [info] Scanned user extensions: 2
[2019-02-03 21:09:30.173] [sharedprocess] [info] Scanned user extensions: 2
[2019-02-03 21:14:30.191] [sharedprocess] [info] Scanned user extensions: 2
[2019-02-03 21:19:30.204] [sharedprocess] [info] Scanned user extensions: 2
[2019-02-03 21:24:30.227] [sharedprocess] [info] Scanned user extensions: 2
[2019-02-03 21:29:30.240] [sharedprocess] [info] Scanned user extensions: 2
[2019-02-03 21:34:30.255] [sharedprocess] [info] Scanned user extensions: 2
[2019-02-03 21:39:30.505] [sharedprocess] [info] Scanned user extensions: 2
[2019-02-03 21:44:30.559] [sharedprocess] [info] Scanned user extensions: 2
[2019-02-03 21:49:30.578] [sharedprocess] [info] Scanned user extensions: 2
[2019-02-03 21:54:30.593] [sharedprocess] [info] Scanned user extensions: 2
[2019-02-03 21:59:30.611] [sharedprocess] [info] Scanned user extensions: 2
[2019-02-03 22:04:31.094] [sharedprocess] [info] Scanned user extensions: 2
[2019-02-03 22:09:31.108] [sharedprocess] [info] Scanned user extensions: 2
[2019-02-03 22:14:31.122] [sharedprocess] [info] Scanned user extensions: 2
[2019-02-03 22:19:31.138] [sharedprocess] [info] Scanned user extensions: 2
[2019-02-03 22:24:31.152] [sharedprocess] [info] Scanned user extensions: 2
[2019-02-03 22:29:31.163] [sharedprocess] [info] Scanned user extensions: 2
[2019-02-03 22:34:31.176] [sharedprocess] [info] Scanned user extensions: 2
[2019-02-03 22:39:31.351] [sharedprocess] [info] Scanned user extensions: 2
[2019-02-03 22:44:31.364] [sharedprocess] [info] Scanned user extensions: 2
[2019-02-03 22:49:31.560] [sharedprocess] [info] Scanned user extensions: 2
[2019-02-03 22:54:31.573] [sharedprocess] [info] Scanned user extensions: 2
[2019-02-03 22:59:31.597] [sharedprocess] [info] Scanned user extensions: 2
[2019-02-03 23:04:31.611] [sharedprocess] [info] Scanned user extensions: 2
[2019-02-03 23:09:31.636] [sharedprocess] [info] Scanned user extensions: 2
[2019-02-03 23:14:31.650] [sharedprocess] [info] Scanned user extensions: 2
[2019-02-03 23:19:31.667] [sharedprocess] [info] Scanned user extensions: 2
[2019-02-03 23:24:31.679] [sharedprocess] [info] Scanned user extensions: 2
[2019-02-03 23:29:31.698] [sharedprocess] [info] Scanned user extensions: 2
[2019-02-03 23:34:31.711] [sharedprocess] [info] Scanned user extensions: 2
[2019-02-03 23:39:32.107] [sharedprocess] [info] Scanned user extensions: 2
[2019-02-03 23:44:32.122] [sharedprocess] [info] Scanned user extensions: 2
[2019-02-03 23:49:32.137] [sharedprocess] [info] Scanned user extensions: 2
[2019-02-03 23:54:32.155] [sharedprocess] [info] Scanned user extensions: 2
[2019-02-03 23:59:32.169] [sharedprocess] [info] Scanned user extensions: 2
[2019-02-04 00:04:32.184] [sharedprocess] [info] Scanned user extensions: 2
[2019-02-04 00:09:32.200] [sharedprocess] [info] Scanned user extensions: 2
[2019-02-04 00:14:32.218] [sharedprocess] [info] Scanned user extensions: 2
[2019-02-04 00:19:32.235] [sharedprocess] [info] Scanned user extensions: 2
[2019-02-04 00:24:32.249] [sharedprocess] [info] Scanned user extensions: 2
[2019-02-04 00:29:32.262] [sharedprocess] [info] Scanned user extensions: 2
[2019-02-04 00:34:32.277] [sharedprocess] [info] Scanned user extensions: 2
[2019-02-04 00:39:32.949] [sharedprocess] [info] Scanned user extensions: 2
[2019-02-04 00:44:32.979] [sharedprocess] [info] Scanned user extensions: 2
[2019-02-04 00:49:32.994] [sharedprocess] [info] Scanned user extensions: 2
[2019-02-04 00:54:33.007] [sharedprocess] [info] Scanned user extensions: 2
[2019-02-04 00:59:33.019] [sharedprocess] [info] Scanned user extensions: 2
[2019-02-04 01:04:33.030] [sharedprocess] [info] Scanned user extensions: 2
[2019-02-04 01:09:33.044] [sharedprocess] [info] Scanned user extensions: 2
[2019-02-04 01:14:33.059] [sharedprocess] [info] Scanned user extensions: 2
[2019-02-04 01:19:33.072] [sharedprocess] [info] Scanned user extensions: 2
[2019-02-04 01:24:33.085] [sharedprocess] [info] Scanned user extensions: 2
[2019-02-04 01:29:33.100] [sharedprocess] [info] Scanned user extensions: 2
[2019-02-04 01:34:33.112] [sharedprocess] [info] Scanned user extensions: 2
[2019-02-04 01:39:33.263] [sharedprocess] [info] Scanned user extensions: 2
[2019-02-04 01:44:33.275] [sharedprocess] [info] Scanned user extensions: 2
[2019-02-04 01:49:33.285] [sharedprocess] [info] Scanned user extensions: 2
[2019-02-04 01:54:33.297] [sharedprocess] [info] Scanned user extensions: 2
[2019-02-04 01:59:33.312] [sharedprocess] [info] Scanned user extensions: 2
[2019-02-04 02:04:33.324] [sharedprocess] [info] Scanned user extensions: 2
[2019-02-04 02:09:33.336] [sharedprocess] [info] Scanned user extensions: 2
[2019-02-04 02:14:33.358] [sharedprocess] [info] Scanned user extensions: 2
[2019-02-04 02:19:33.372] [sharedprocess] [info] Scanned user extensions: 2
[2019-02-04 02:24:33.831] [sharedprocess] [info] Scanned user extensions: 2
[2019-02-04 02:29:33.845] [sharedprocess] [info] Scanned user extensions: 2
[2019-02-04 02:34:33.860] [sharedprocess] [info] Scanned user extensions: 2
[2019-02-04 02:39:33.960] [sharedprocess] [info] Scanned user extensions: 2
[2019-02-04 02:44:33.974] [sharedprocess] [info] Scanned user extensions: 2
[2019-02-04 02:49:33.987] [sharedprocess] [info] Scanned user extensions: 2
[2019-02-04 02:54:33.999] [sharedprocess] [info] Scanned user extensions: 2
[2019-02-04 02:59:34.496] [sharedprocess] [info] Scanned user extensions: 2
[2019-02-04 03:04:34.510] [sharedprocess] [info] Scanned user extensions: 2
[2019-02-04 03:09:34.529] [sharedprocess] [info] Scanned user extensions: 2
[2019-02-04 03:14:34.540] [sharedprocess] [info] Scanned user extensions: 2
[2019-02-04 03:19:34.555] [sharedprocess] [info] Scanned user extensions: 2
[2019-02-04 03:24:34.568] [sharedprocess] [info] Scanned user extensions: 2
[2019-02-04 03:29:34.580] [sharedprocess] [info] Scanned user extensions: 2
[2019-02-04 03:34:34.596] [sharedprocess] [info] Scanned user extensions: 2
[2019-02-04 03:39:34.711] [sharedprocess] [info] Scanned user extensions: 2
[2019-02-04 03:44:34.724] [sharedprocess] [info] Scanned user extensions: 2
[2019-02-04 03:49:34.739] [sharedprocess] [info] Scanned user extensions: 2
[2019-02-04 03:54:34.752] [sharedprocess] [info] Scanned user extensions: 2
[2019-02-04 03:59:34.763] [sharedprocess] [info] Scanned user extensions: 2
[2019-02-04 04:04:34.775] [sharedprocess] [info] Scanned user extensions: 2
[2019-02-04 04:09:34.875] [sharedprocess] [info] Scanned user extensions: 2
[2019-02-04 04:14:34.888] [sharedprocess] [info] Scanned user extensions: 2
[2019-02-04 04:19:34.903] [sharedprocess] [info] Scanned user extensions: 2
[2019-02-04 04:24:34.920] [sharedprocess] [info] Scanned user extensions: 2
[2019-02-04 04:29:34.933] [sharedprocess] [info] Scanned user extensions: 2
[2019-02-04 04:34:34.948] [sharedprocess] [info] Scanned user extensions: 2
[2019-02-04 04:39:35.044] [sharedprocess] [info] Scanned user extensions: 2
[2019-02-04 04:44:35.059] [sharedprocess] [info] Scanned user extensions: 2
[2019-02-04 04:49:35.073] [sharedprocess] [info] Scanned user extensions: 2
[2019-02-04 04:54:35.088] [sharedprocess] [info] Scanned user extensions: 2
[2019-02-04 04:59:35.105] [sharedprocess] [info] Scanned user extensions: 2
[2019-02-04 05:04:35.120] [sharedprocess] [info] Scanned user extensions: 2
[2019-02-04 05:09:35.140] [sharedprocess] [info] Scanned user extensions: 2
[2019-02-04 05:14:35.154] [sharedprocess] [info] Scanned user extensions: 2
[2019-02-04 05:19:35.168] [sharedprocess] [info] Scanned user extensions: 2
[2019-02-04 05:24:35.184] [sharedprocess] [info] Scanned user extensions: 2
[2019-02-04 05:29:35.202] [sharedprocess] [info] Scanned user extensions: 2
[2019-02-04 05:34:35.639] [sharedprocess] [info] Scanned user extensions: 2
[2019-02-04 05:39:35.731] [sharedprocess] [info] Scanned user extensions: 2
[2019-02-04 05:44:35.743] [sharedprocess] [info] Scanned user extensions: 2
[2019-02-04 05:49:35.756] [sharedprocess] [info] Scanned user extensions: 2
[2019-02-04 05:54:35.771] [sharedprocess] [info] Scanned user extensions: 2
[2019-02-04 05:59:35.788] [sharedprocess] [info] Scanned user extensions: 2
[2019-02-04 06:04:35.803] [sharedprocess] [info] Scanned user extensions: 2
[2019-02-04 06:09:35.816] [sharedprocess] [info] Scanned user extensions: 2
[2019-02-04 06:14:35.828] [sharedprocess] [info] Scanned user extensions: 2
[2019-02-04 06:19:35.844] [sharedprocess] [info] Scanned user extensions: 2
[2019-02-04 06:24:35.856] [sharedprocess] [info] Scanned user extensions: 2
[2019-02-04 06:29:35.870] [sharedprocess] [info] Scanned user extensions: 2
[2019-02-04 06:34:35.883] [sharedprocess] [info] Scanned user extensions: 2
[2019-02-04 06:39:35.981] [sharedprocess] [info] Scanned user extensions: 2
[2019-02-04 06:44:35.994] [sharedprocess] [info] Scanned user extensions: 2
[2019-02-04 06:49:36.011] [sharedprocess] [info] Scanned user extensions: 2
[2019-02-04 06:54:36.021] [sharedprocess] [info] Scanned user extensions: 2
[2019-02-04 06:59:36.045] [sharedprocess] [info] Scanned user extensions: 2
[2019-02-04 07:04:36.057] [sharedprocess] [info] Scanned user extensions: 2
[2019-02-04 07:09:36.073] [sharedprocess] [info] Scanned user extensions: 2
[2019-02-04 07:14:36.085] [sharedprocess] [info] Scanned user extensions: 2
[2019-02-04 07:19:36.106] [sharedprocess] [info] Scanned user extensions: 2
[2019-02-04 07:24:36.117] [sharedprocess] [info] Scanned user extensions: 2
[2019-02-04 07:29:36.132] [sharedprocess] [info] Scanned user extensions: 2
[2019-02-04 07:34:36.149] [sharedprocess] [info] Scanned user extensions: 2
[2019-02-04 07:39:36.277] [sharedprocess] [info] Scanned user extensions: 2
[2019-02-04 07:44:36.611] [sharedprocess] [info] Scanned user extensions: 2
[2019-02-04 07:49:36.622] [sharedprocess] [info] Scanned user extensions: 2
[2019-02-04 07:54:36.636] [sharedprocess] [info] Scanned user extensions: 2
[2019-02-04 07:59:36.647] [sharedprocess] [info] Scanned user extensions: 2
[2019-02-04 08:04:36.663] [sharedprocess] [info] Scanned user extensions: 2
[2019-02-04 08:09:36.673] [sharedprocess] [info] Scanned user extensions: 2
[2019-02-04 08:14:36.690] [sharedprocess] [info] Scanned user extensions: 2
[2019-02-04 08:19:36.710] [sharedprocess] [info] Scanned user extensions: 2
[2019-02-04 08:24:36.732] [sharedprocess] [info] Scanned user extensions: 2
[2019-02-04 08:29:36.938] [sharedprocess] [info] Scanned user extensions: 2
[2019-02-04 08:34:36.952] [sharedprocess] [info] Scanned user extensions: 2
[2019-02-04 08:39:37.129] [sharedprocess] [info] Scanned user extensions: 2
[2019-02-04 08:44:37.146] [sharedprocess] [info] Scanned user extensions: 2
[2019-02-04 08:49:37.161] [sharedprocess] [info] Scanned user extensions: 2
[2019-02-04 08:54:37.621] [sharedprocess] [info] Scanned user extensions: 2
[2019-02-04 08:59:37.868] [sharedprocess] [info] Scanned user extensions: 2
[2019-02-04 09:04:37.908] [sharedprocess] [info] Scanned user extensions: 2
[2019-02-04 09:09:37.928] [sharedprocess] [info] Scanned user extensions: 2
[2019-02-04 09:14:37.973] [sharedprocess] [info] Scanned user extensions: 2
[2019-02-04 09:19:37.998] [sharedprocess] [info] Scanned user extensions: 2
[2019-02-04 09:24:38.027] [sharedprocess] [info] Scanned user extensions: 2
[2019-02-04 09:29:38.071] [sharedprocess] [info] Scanned user extensions: 2
[2019-02-04 09:34:38.088] [sharedprocess] [info] Scanned user extensions: 2
[2019-02-04 09:39:38.345] [sharedprocess] [info] Scanned user extensions: 2
[2019-02-04 09:44:38.357] [sharedprocess] [info] Scanned user extensions: 2
[2019-02-04 09:49:38.372] [sharedprocess] [info] Scanned user extensions: 2
[2019-02-04 09:54:38.387] [sharedprocess] [info] Scanned user extensions: 2
[2019-02-04 09:59:38.400] [sharedprocess] [info] Scanned user extensions: 2
[2019-02-04 10:04:38.420] [sharedprocess] [info] Scanned user extensions: 2
[2019-02-04 10:09:38.433] [sharedprocess] [info] Scanned user extensions: 2
[2019-02-04 10:14:38.448] [sharedprocess] [info] Scanned user extensions: 2
[2019-02-04 10:19:38.467] [sharedprocess] [info] Scanned user extensions: 2
[2019-02-04 10:24:38.481] [sharedprocess] [info] Scanned user extensions: 2
[2019-02-04 10:29:38.492] [sharedprocess] [info] Scanned user extensions: 2
[2019-02-04 10:34:38.507] [sharedprocess] [info] Scanned user extensions: 2
[2019-02-04 10:39:38.743] [sharedprocess] [info] Scanned user extensions: 2
[2019-02-04 10:44:38.760] [sharedprocess] [info] Scanned user extensions: 2
[2019-02-04 10:49:38.776] [sharedprocess] [info] Scanned user extensions: 2
[2019-02-04 10:54:38.793] [sharedprocess] [info] Scanned user extensions: 2
[2019-02-04 10:59:38.811] [sharedprocess] [info] Scanned user extensions: 2
[2019-02-04 11:04:38.833] [sharedprocess] [info] Scanned user extensions: 2
[2019-02-04 11:09:38.848] [sharedprocess] [info] Scanned user extensions: 2
[2019-02-04 11:14:38.860] [sharedprocess] [info] Scanned user extensions: 2
[2019-02-04 11:19:38.876] [sharedprocess] [info] Scanned user extensions: 2
[2019-02-04 11:24:38.896] [sharedprocess] [info] Scanned user extensions: 2
[2019-02-04 11:29:38.910] [sharedprocess] [info] Scanned user extensions: 2
[2019-02-04 11:34:39.745] [sharedprocess] [info] Scanned user extensions: 2
[2019-02-04 11:39:39.978] [sharedprocess] [info] Scanned user extensions: 2
[2019-02-04 11:44:39.995] [sharedprocess] [info] Scanned user extensions: 2
[2019-02-04 11:49:40.551] [sharedprocess] [info] Scanned user extensions: 2
[2019-02-04 11:54:40.574] [sharedprocess] [info] Scanned user extensions: 2
[2019-02-04 11:59:40.589] [sharedprocess] [info] Scanned user extensions: 2
[2019-02-04 12:04:40.604] [sharedprocess] [info] Scanned user extensions: 2
[2019-02-04 12:09:40.618] [sharedprocess] [info] Scanned user extensions: 2
[2019-02-04 12:11:57.236] [sharedprocess] [info] Scanned user extensions: 2
[2019-02-04 12:11:57.352] [sharedprocess] [info] Scanned system extensions: 71
[2019-02-04 12:12:11.499] [sharedprocess] [info] Scanned user extensions: 2
[2019-02-04 12:12:11.552] [sharedprocess] [info] Scanned system extensions: 71
[2019-02-04 12:12:21.973] [sharedprocess] [info] Scanned user extensions: 2
[2019-02-04 12:12:22.024] [sharedprocess] [info] Scanned system extensions: 71
[2019-02-04 12:14:40.633] [sharedprocess] [info] Scanned user extensions: 2
[2019-02-04 12:18:50.738] [sharedprocess] [info] Scanned user extensions: 2
[2019-02-04 12:18:50.788] [sharedprocess] [info] Scanned system extensions: 71
[2019-02-04 12:19:30.158] [sharedprocess] [info] Scanned user extensions: 2
[2019-02-04 12:19:30.192] [sharedprocess] [info] Scanned system extensions: 71
[2019-02-04 12:19:40.656] [sharedprocess] [info] Scanned user extensions: 2
[2019-02-04 12:20:42.863] [sharedprocess] [info] Scanned user extensions: 2
[2019-02-04 12:20:42.918] [sharedprocess] [info] Scanned system extensions: 71
[2019-02-04 12:24:40.687] [sharedprocess] [info] Scanned user extensions: 2
[2019-02-04 12:29:40.699] [sharedprocess] [info] Scanned user extensions: 2
[2019-02-04 12:32:39.984] [sharedprocess] [info] Scanned user extensions: 2
[2019-02-04 12:32:40.055] [sharedprocess] [info] Scanned system extensions: 71
[2019-02-04 12:34:40.716] [sharedprocess] [info] Scanned user extensions: 2
[2019-02-04 12:39:41.006] [sharedprocess] [info] Scanned user extensions: 2
[2019-02-04 12:44:41.022] [sharedprocess] [info] Scanned user extensions: 2
[2019-02-04 12:49:41.037] [sharedprocess] [info] Scanned user extensions: 2
[2019-02-04 12:54:41.050] [sharedprocess] [info] Scanned user extensions: 2
[2019-02-04 12:59:41.069] [sharedprocess] [info] Scanned user extensions: 2
[2019-02-04 13:04:41.090] [sharedprocess] [info] Scanned user extensions: 2
[2019-02-04 13:09:41.103] [sharedprocess] [info] Scanned user extensions: 2
[2019-02-04 13:14:41.119] [sharedprocess] [info] Scanned user extensions: 2
[2019-02-04 13:19:41.139] [sharedprocess] [info] Scanned user extensions: 2
[2019-02-04 13:24:41.154] [sharedprocess] [info] Scanned user extensions: 2
[2019-02-04 13:29:41.173] [sharedprocess] [info] Scanned user extensions: 2
[2019-02-04 13:34:41.192] [sharedprocess] [info] Scanned user extensions: 2
[2019-02-04 13:39:41.404] [sharedprocess] [info] Scanned user extensions: 2
[2019-02-04 13:44:41.418] [sharedprocess] [info] Scanned user extensions: 2
[2019-02-04 13:49:41.431] [sharedprocess] [info] Scanned user extensions: 2
[2019-02-04 13:54:41.445] [sharedprocess] [info] Scanned user extensions: 2
[2019-02-04 13:59:41.459] [sharedprocess] [info] Scanned user extensions: 2
[2019-02-04 14:04:41.474] [sharedprocess] [info] Scanned user extensions: 2
[2019-02-04 14:09:41.486] [sharedprocess] [info] Scanned user extensions: 2
[2019-02-04 14:14:41.502] [sharedprocess] [info] Scanned user extensions: 2
[2019-02-04 14:19:41.515] [sharedprocess] [info] Scanned user extensions: 2
[2019-02-04 14:24:41.529] [sharedprocess] [info] Scanned user extensions: 2
[2019-02-04 14:29:41.547] [sharedprocess] [info] Scanned user extensions: 2
[2019-02-04 14:34:41.562] [sharedprocess] [info] Scanned user extensions: 2
[2019-02-04 14:39:41.784] [sharedprocess] [info] Scanned user extensions: 2
[2019-02-04 14:44:41.814] [sharedprocess] [info] Scanned user extensions: 2
[2019-02-04 14:49:41.829] [sharedprocess] [info] Scanned user extensions: 2
[2019-02-04 14:54:41.844] [sharedprocess] [info] Scanned user extensions: 2
[2019-02-04 14:59:41.862] [sharedprocess] [info] Scanned user extensions: 2
[2019-02-04 15:04:41.876] [sharedprocess] [info] Scanned user extensions: 2
[2019-02-04 15:09:41.891] [sharedprocess] [info] Scanned user extensions: 2
[2019-02-04 15:14:41.904] [sharedprocess] [info] Scanned user extensions: 2
[2019-02-04 15:19:41.925] [sharedprocess] [info] Scanned user extensions: 2
[2019-02-04 15:24:41.947] [sharedprocess] [info] Scanned user extensions: 2
[2019-02-04 15:29:41.965] [sharedprocess] [info] Scanned user extensions: 2
[2019-02-04 15:34:41.979] [sharedprocess] [info] Scanned user extensions: 2
[2019-02-04 15:39:42.221] [sharedprocess] [info] Scanned user extensions: 2
[2019-02-04 15:44:42.235] [sharedprocess] [info] Scanned user extensions: 2
[2019-02-04 15:49:42.257] [sharedprocess] [info] Scanned user extensions: 2
[2019-02-04 15:54:42.275] [sharedprocess] [info] Scanned user extensions: 2
[2019-02-04 15:59:42.287] [sharedprocess] [info] Scanned user extensions: 2
[2019-02-04 16:04:42.310] [sharedprocess] [info] Scanned user extensions: 2
[2019-02-04 16:09:42.324] [sharedprocess] [info] Scanned user extensions: 2
[2019-02-04 16:14:42.336] [sharedprocess] [info] Scanned user extensions: 2
[2019-02-04 16:19:42.350] [sharedprocess] [info] Scanned user extensions: 2
[2019-02-04 16:24:42.363] [sharedprocess] [info] Scanned user extensions: 2
[2019-02-04 16:29:42.377] [sharedprocess] [info] Scanned user extensions: 2
[2019-02-04 16:34:42.393] [sharedprocess] [info] Scanned user extensions: 2
[2019-02-04 16:39:42.602] [sharedprocess] [info] Scanned user extensions: 2
[2019-02-04 16:44:42.615] [sharedprocess] [info] Scanned user extensions: 2
[2019-02-04 16:49:42.627] [sharedprocess] [info] Scanned user extensions: 2
[2019-02-04 16:54:42.639] [sharedprocess] [info] Scanned user extensions: 2
[2019-02-04 16:59:42.652] [sharedprocess] [info] Scanned user extensions: 2
[2019-02-04 17:04:42.665] [sharedprocess] [info] Scanned user extensions: 2
[2019-02-04 17:09:42.679] [sharedprocess] [info] Scanned user extensions: 2
[2019-02-04 17:14:43.164] [sharedprocess] [info] Scanned user extensions: 2
[2019-02-04 17:19:43.179] [sharedprocess] [info] Scanned user extensions: 2
[2019-02-04 17:24:43.193] [sharedprocess] [info] Scanned user extensions: 2
[2019-02-04 17:29:43.208] [sharedprocess] [info] Scanned user extensions: 2
[2019-02-04 17:34:43.221] [sharedprocess] [info] Scanned user extensions: 2
[2019-02-04 17:39:43.481] [sharedprocess] [info] Scanned user extensions: 2
[2019-02-04 17:44:43.493] [sharedprocess] [info] Scanned user extensions: 2
[2019-02-04 17:49:43.506] [sharedprocess] [info] Scanned user extensions: 2
[2019-02-04 17:54:43.519] [sharedprocess] [info] Scanned user extensions: 2
[2019-02-04 17:59:43.540] [sharedprocess] [info] Scanned user extensions: 2
[2019-02-04 18:04:43.553] [sharedprocess] [info] Scanned user extensions: 2
[2019-02-04 18:09:43.567] [sharedprocess] [info] Scanned user extensions: 2
[2019-02-04 18:14:43.581] [sharedprocess] [info] Scanned user extensions: 2
[2019-02-04 18:19:43.593] [sharedprocess] [info] Scanned user extensions: 2
[2019-02-04 18:24:43.605] [sharedprocess] [info] Scanned user extensions: 2
[2019-02-04 18:29:43.619] [sharedprocess] [info] Scanned user extensions: 2
[2019-02-04 18:34:43.634] [sharedprocess] [info] Scanned user extensions: 2
[2019-02-04 18:39:43.865] [sharedprocess] [info] Scanned user extensions: 2
[2019-02-04 18:44:43.882] [sharedprocess] [info] Scanned user extensions: 2
[2019-02-04 18:49:43.899] [sharedprocess] [info] Scanned user extensions: 2
[2019-02-04 18:54:43.911] [sharedprocess] [info] Scanned user extensions: 2
[2019-02-04 18:59:43.954] [sharedprocess] [info] Scanned user extensions: 2
[2019-02-04 19:04:43.990] [sharedprocess] [info] Scanned user extensions: 2
[2019-02-04 19:09:44.029] [sharedprocess] [info] Scanned user extensions: 2
[2019-02-04 19:14:44.065] [sharedprocess] [info] Scanned user extensions: 2
[2019-02-04 19:19:44.101] [sharedprocess] [info] Scanned user extensions: 2
[2019-02-04 19:24:44.127] [sharedprocess] [info] Scanned user extensions: 2
[2019-02-04 19:29:44.159] [sharedprocess] [info] Scanned user extensions: 2
[2019-02-04 19:34:44.193] [sharedprocess] [info] Scanned user extensions: 2
[2019-02-04 19:39:44.533] [sharedprocess] [info] Scanned user extensions: 2
[2019-02-04 19:44:44.584] [sharedprocess] [info] Scanned user extensions: 2
[2019-02-04 19:49:44.610] [sharedprocess] [info] Scanned user extensions: 2
[2019-02-04 19:54:44.633] [sharedprocess] [info] Scanned user extensions: 2
[2019-02-04 19:59:44.664] [sharedprocess] [info] Scanned user extensions: 2
[2019-02-04 20:04:44.697] [sharedprocess] [info] Scanned user extensions: 2
[2019-02-04 20:09:44.733] [sharedprocess] [info] Scanned user extensions: 2
[2019-02-04 20:14:44.770] [sharedprocess] [info] Scanned user extensions: 2
[2019-02-04 20:19:44.807] [sharedprocess] [info] Scanned user extensions: 2
[2019-02-04 20:24:44.845] [sharedprocess] [info] Scanned user extensions: 2
[2019-02-04 20:29:44.882] [sharedprocess] [info] Scanned user extensions: 2
[2019-02-04 20:34:44.941] [sharedprocess] [info] Scanned user extensions: 2
[2019-02-04 20:39:45.268] [sharedprocess] [info] Scanned user extensions: 2
[2019-02-04 20:44:45.320] [sharedprocess] [info] Scanned user extensions: 2
[2019-02-04 20:49:45.345] [sharedprocess] [info] Scanned user extensions: 2
[2019-02-04 20:54:45.385] [sharedprocess] [info] Scanned user extensions: 2
[2019-02-04 20:59:45.425] [sharedprocess] [info] Scanned user extensions: 2
[2019-02-04 21:04:45.461] [sharedprocess] [info] Scanned user extensions: 2
[2019-02-04 21:09:45.497] [sharedprocess] [info] Scanned user extensions: 2
[2019-02-04 21:14:45.532] [sharedprocess] [info] Scanned user extensions: 2
[2019-02-04 21:19:45.582] [sharedprocess] [info] Scanned user extensions: 2
[2019-02-04 21:24:45.618] [sharedprocess] [info] Scanned user extensions: 2
[2019-02-04 21:29:45.641] [sharedprocess] [info] Scanned user extensions: 2
[2019-02-04 21:34:45.672] [sharedprocess] [info] Scanned user extensions: 2
[2019-02-04 21:39:46.257] [sharedprocess] [info] Scanned user extensions: 2
[2019-02-04 21:44:46.289] [sharedprocess] [info] Scanned user extensions: 2
[2019-02-04 21:49:46.537] [sharedprocess] [info] Scanned user extensions: 2
[2019-02-04 21:54:46.572] [sharedprocess] [info] Scanned user extensions: 2
[2019-02-04 21:59:46.610] [sharedprocess] [info] Scanned user extensions: 2
[2019-02-04 22:04:46.643] [sharedprocess] [info] Scanned user extensions: 2
[2019-02-04 22:09:46.683] [sharedprocess] [info] Scanned user extensions: 2
[2019-02-04 22:14:46.707] [sharedprocess] [info] Scanned user extensions: 2
[2019-02-04 22:19:46.741] [sharedprocess] [info] Scanned user extensions: 2
[2019-02-04 22:24:46.777] [sharedprocess] [info] Scanned user extensions: 2
[2019-02-04 22:29:46.798] [sharedprocess] [info] Scanned user extensions: 2
[2019-02-04 22:34:46.830] [sharedprocess] [info] Scanned user extensions: 2
[2019-02-04 22:39:47.384] [sharedprocess] [info] Scanned user extensions: 2
[2019-02-04 22:44:47.417] [sharedprocess] [info] Scanned user extensions: 2
[2019-02-04 22:49:47.453] [sharedprocess] [info] Scanned user extensions: 2
[2019-02-04 22:54:47.490] [sharedprocess] [info] Scanned user extensions: 2
[2019-02-04 22:59:47.532] [sharedprocess] [info] Scanned user extensions: 2
[2019-02-04 23:04:47.575] [sharedprocess] [info] Scanned user extensions: 2
[2019-02-04 23:09:47.611] [sharedprocess] [info] Scanned user extensions: 2
[2019-02-04 23:14:47.641] [sharedprocess] [info] Scanned user extensions: 2
[2019-02-04 23:19:47.678] [sharedprocess] [info] Scanned user extensions: 2
[2019-02-04 23:24:47.719] [sharedprocess] [info] Scanned user extensions: 2
[2019-02-04 23:29:47.743] [sharedprocess] [info] Scanned user extensions: 2
[2019-02-04 23:34:47.772] [sharedprocess] [info] Scanned user extensions: 2
[2019-02-04 23:39:51.391] [sharedprocess] [info] Scanned user extensions: 2
[2019-02-04 23:44:51.416] [sharedprocess] [info] Scanned user extensions: 2
[2019-02-04 23:49:51.546] [sharedprocess] [info] Scanned user extensions: 2
[2019-02-04 23:54:51.582] [sharedprocess] [info] Scanned user extensions: 2
[2019-02-04 23:59:51.599] [sharedprocess] [info] Scanned user extensions: 2
[2019-02-05 00:04:51.611] [sharedprocess] [info] Scanned user extensions: 2
[2019-02-05 00:09:51.645] [sharedprocess] [info] Scanned user extensions: 2
[2019-02-05 00:14:51.665] [sharedprocess] [info] Scanned user extensions: 2
[2019-02-05 00:19:51.697] [sharedprocess] [info] Scanned user extensions: 2
[2019-02-05 00:24:51.724] [sharedprocess] [info] Scanned user extensions: 2
[2019-02-05 00:29:51.745] [sharedprocess] [info] Scanned user extensions: 2
[2019-02-05 00:34:51.784] [sharedprocess] [info] Scanned user extensions: 2
[2019-02-05 00:39:52.053] [sharedprocess] [info] Scanned user extensions: 2
[2019-02-05 00:44:52.087] [sharedprocess] [info] Scanned user extensions: 2
[2019-02-05 00:49:52.122] [sharedprocess] [info] Scanned user extensions: 2
[2019-02-05 00:54:52.164] [sharedprocess] [info] Scanned user extensions: 2
[2019-02-05 00:59:52.194] [sharedprocess] [info] Scanned user extensions: 2
[2019-02-05 01:04:52.227] [sharedprocess] [info] Scanned user extensions: 2
[2019-02-05 01:09:52.259] [sharedprocess] [info] Scanned user extensions: 2
[2019-02-05 01:14:52.293] [sharedprocess] [info] Scanned user extensions: 2
[2019-02-05 01:19:52.324] [sharedprocess] [info] Scanned user extensions: 2
[2019-02-05 01:24:52.361] [sharedprocess] [info] Scanned user extensions: 2
[2019-02-05 01:29:52.391] [sharedprocess] [info] Scanned user extensions: 2
[2019-02-05 10:51:16.496] [sharedprocess] [info] Scanned user extensions: 2
[2019-02-05 10:56:16.510] [sharedprocess] [info] Scanned user extensions: 2
[2019-02-05 11:01:16.523] [sharedprocess] [info] Scanned user extensions: 2
[2019-02-05 11:06:16.536] [sharedprocess] [info] Scanned user extensions: 2
[2019-02-05 11:11:16.548] [sharedprocess] [info] Scanned user extensions: 2
[2019-02-05 11:16:16.562] [sharedprocess] [info] Scanned user extensions: 2
[2019-02-05 11:21:16.575] [sharedprocess] [info] Scanned user extensions: 2
[2019-02-05 11:26:16.586] [sharedprocess] [info] Scanned user extensions: 2
[2019-02-05 11:31:16.604] [sharedprocess] [info] Scanned user extensions: 2
[2019-02-05 11:36:16.617] [sharedprocess] [info] Scanned user extensions: 2
